#
# A fatal error has been detected by the Java Runtime Environment:
#
#  SIGSEGV (0xb) at pc=0x0000000127662511, pid=11763, tid=1811
#
# JRE version: Java(TM) SE Runtime Environment (8.0_45-b14) (build 1.8.0_45-b14)
# Java VM: Java HotSpot(TM) 64-Bit Server VM (25.45-b02 mixed mode bsd-amd64 compressed oops)
# Problematic frame:
# C  [libglass.dylib+0x15511]  GlassScreenDidChangeScreenParameters+0x21
#
# Failed to write core dump. Core dumps have been disabled. To enable core dumping, try "ulimit -c unlimited" before starting Java again
#
# If you would like to submit a bug report, please visit:
#   http://bugreport.java.com/bugreport/crash.jsp
#

---------------  T H R E A D  ---------------

Current thread is native thread

siginfo: si_signo: 11 (SIGSEGV), si_code: 1 (SEGV_MAPERR), si_addr: 0x0000000000000000

Registers:
RAX=0x0000000127694ac8, RBX=0x0000000000000000, RCX=0x9d0019839a8c0c80, RDX=0x00007fff7392d1f8
RSP=0x00007fff525c41d0, RBP=0x00007fff525c41e0, RSI=0x00007fbfa8f0ed90, RDI=0x0000000000000000
R8 =0x00007fff525c4080, R9 =0x00007fff73438300, R10=0x0000000000000000, R11=0x0000000000000246
R12=0x00007fbfa8d1ee60, R13=0x00000000000f426a, R14=0x00007fbfa8c75010, R15=0x00007fff525c4320
RIP=0x0000000127662511, EFLAGS=0x0000000000010246, ERR=0x0000000000000004
  TRAPNO=0x000000000000000e

Top of Stack: (sp=0x00007fff525c41d0)
0x00007fff525c41d0:   00007fff525c43b0 00007fbfa8c75010
0x00007fff525c41e0:   00007fff525c41f0 00007fff89bf345c
0x00007fff525c41f0:   00007fff525c4550 00007fff89ae3634
0x00007fff525c4200:   00007fff525c4250 0000000000000000
0x00007fff525c4210:   00007fff738f0ed0 00007fbfa8c5b0e0
0x00007fff525c4220:   0000000000001000 0000000000000900
0x00007fff525c4230:   00007fbfa8c5b0e0 00007fbfa8c75010
0x00007fff525c4240:   0000000000000000 00007fff525c4320
0x00007fff525c4250:   0000000000000000 00007fbfa8c74fd0
0x00007fff525c4260:   00007fff525c43a0 0000000000000060
0x00007fff525c4270:   00000000000f431c 00007fbfa8fead70
0x00007fff525c4280:   00007fbfa8d49950 00007fbfa8d1ee60
0x00007fff525c4290:   0000000000000001 00000000000f426a
0x00007fff525c42a0:   00007fbfa8d1ee50 00007fff8c86aacb
0x00007fff525c42b0:   0000000000000001 0000000000000001
0x00007fff525c42c0:   0000000000000030 0000000000000001
0x00007fff525c42d0:   00007fff525c42f0 00007fff8c870231
0x00007fff525c42e0:   00007fff738eefb0 0000000000000000
0x00007fff525c42f0:   00007fff525c4310 0000000000000023
0x00007fff525c4300:   0004d30300000400 00007fbfa8d1ee84
0x00007fff525c4310:   0000000000000000 00007fff89ad910f
0x00007fff525c4320:   00007fbfa8c75010 00007fff738eefb0
0x00007fff525c4330:   00007fff525c43b0 00007fff89ae1c3f
0x00007fff525c4340:   00007fff525c43b4 0000000000469801
0x00007fff525c4350:   000000010d657a00 0000000000000002
0x00007fff525c4360:   000000010d654000 00007fbfa8faa6e2
0x00007fff525c4370:   0000000000000003 000000010d657a00
0x00007fff525c4380:   00007fff525c4470 00007fff8c8692a2
0x00007fff525c4390:   00007fbfa8e328d0 00007fff525c4558
0x00007fff525c43a0:   0000000000000017 0000000000000000
0x00007fff525c43b0:   00000000000f426a 00007fff89ad9403
0x00007fff525c43c0:   00007fff00000000 00007fbfa8c46590 

Instructions: (pc=0x0000000127662511)
0x00000001276624f1:   48 89 e5 41 56 53 48 8d 05 c2 26 03 00 48 83 38
0x0000000127662501:   00 48 89 fb 75 72 48 8d 05 ba 25 03 00 48 8b 30
0x0000000127662511:   48 8b 03 48 8d 15 6c 9a 01 00 48 8d 0d 86 6f 01
0x0000000127662521:   00 48 89 df ff 90 88 03 00 00 48 8d 0d 8e 26 03 

Register to memory mapping:

RAX=0x0000000127694ac8: jScreenClass+0 in /Library/Java/JavaVirtualMachines/jdk1.8.0_45.jdk/Contents/Home/jre/lib/libglass.dylib at 0x000000012764d000
RBX=0x0000000000000000 is an unknown value
RCX=0x9d0019839a8c0c80 is an unknown value
RDX=0x00007fff7392d1f8: __sFX+0x1c8 in /usr/lib/system/libsystem_c.dylib at 0x00007fff89f55000
RSP=0x00007fff525c41d0 is an unknown value
RBP=0x00007fff525c41e0 is an unknown value
RSI=0x00007fbfa8f0ed90 is a global jni handle
RDI=0x0000000000000000 is an unknown value
R8 =0x00007fff525c4080 is an unknown value
R9 =0x00007fff73438300: _thread+0 in /usr/lib/system/libsystem_pthread.dylib at 0x00007fff87786000
R10=0x0000000000000000 is an unknown value
R11=0x0000000000000246 is an unknown value
R12=0x00007fbfa8d1ee60 is an unknown value
R13=0x00000000000f426a is an unknown value
R14=0x00007fbfa8c75010 is an unknown value
R15=0x00007fff525c4320 is an unknown value


Stack: [0x00007fff51dc7000,0x00007fff525c7000],  sp=0x00007fff525c41d0,  free space=8180k
Native frames: (J=compiled Java code, j=interpreted, Vv=VM code, C=native code)
C  [libglass.dylib+0x15511]  GlassScreenDidChangeScreenParameters+0x21
C  [CoreFoundation+0x12045c]  __CFNOTIFICATIONCENTER_IS_CALLING_OUT_TO_AN_OBSERVER__+0xc
C  [CoreFoundation+0x10634]  _CFXNotificationPost+0xc44
C  [Foundation+0x79d1]  -[NSNotificationCenter postNotificationName:object:userInfo:]+0x42
C  [AppKit+0x40df7e]  -[NSApplication _reactToScreenInvalidationImmediately:]+0x17b
C  [AppKit+0x40ddc7]  __44-[NSApplication _reactToScreenInvalidation:]_block_invoke+0x4b
C  [CoreFoundation+0x808ec]  __CFRUNLOOP_IS_CALLING_OUT_TO_A_BLOCK__+0xc
C  [CoreFoundation+0x729f5]  __CFRunLoopDoBlocks+0x155
C  [CoreFoundation+0x72536]  __CFRunLoopRun+0x716
C  [CoreFoundation+0x71bd8]  CFRunLoopRunSpecific+0x128
C  [java+0x6490]  CreateExecutionEnvironment+0x367
C  [java+0x221c]  JLI_Launch+0x7a0
C  [java+0x84ed]  main+0x65
C  [java+0x1a74]  start+0x34


---------------  P R O C E S S  ---------------

VM state:at safepoint (normal execution)

VM Mutex/Monitor currently owned by a thread:  ([mutex/lock_event])
[0x00007fbfa8c0afa0] Threads_lock - owner thread: 0x00007fbfaa838800
[0x00007fbfa8c0b4a0] Heap_lock - owner thread: 0x00007fbfaa067000

Heap:
 PSYoungGen      total 70144K, used 24753K [0x0000000795580000, 0x000000079db00000, 0x00000007c0000000)
  eden space 62464K, 28% used [0x0000000795580000,0x00000007966aba58,0x0000000799280000)
  from space 7680K, 93% used [0x000000079d380000,0x000000079da80ad0,0x000000079db00000)
  to   space 10240K, 0% used [0x000000079c700000,0x000000079c700000,0x000000079d100000)
 ParOldGen       total 87552K, used 7131K [0x0000000740000000, 0x0000000745580000, 0x0000000795580000)
  object space 87552K, 8% used [0x0000000740000000,0x00000007406f6c80,0x0000000745580000)
 Metaspace       used 15057K, capacity 15746K, committed 16000K, reserved 1062912K
  class space    used 2073K, capacity 2314K, committed 2432K, reserved 1048576K

Card table byte_map: [0x000000011e42c000,0x000000011e82d000] byte_map_base: 0x000000011aa2c000

Marking Bits: (ParMarkBitMap*) 0x000000010e8c27a0
 Begin Bits: [0x000000011eee4000, 0x0000000120ee4000)
 End Bits:   [0x0000000120ee4000, 0x0000000122ee4000)

Polling page: 0x000000010d792000

CodeCache: size=245760Kb used=5641Kb max_used=5641Kb free=240118Kb
 bounds [0x000000010f06c000, 0x000000010f5fc000, 0x000000011e06c000]
 total_blobs=2535 nmethods=1897 adapters=550
 compilation: enabled

Compilation events (10 events):
Event: 41.910 Thread 0x00007fbfa9822800 1894       1       java.lang.invoke.InnerClassLambdaMetafactory::access$000 (5 bytes)
Event: 41.910 Thread 0x00007fbfa9822800 nmethod 1894 0x000000010f5ee6d0 code [0x000000010f5ee820, 0x000000010f5ee910]
Event: 41.910 Thread 0x00007fbfa9822800 1895       1       java.lang.invoke.InnerClassLambdaMetafactory::access$400 (5 bytes)
Event: 41.910 Thread 0x00007fbfa9822800 nmethod 1895 0x000000010f5ee990 code [0x000000010f5eeae0, 0x000000010f5eebd0]
Event: 41.959 Thread 0x00007fbfa9822800 1896       3       sun.invoke.util.VerifyAccess::isTypeVisible (49 bytes)
Event: 41.959 Thread 0x00007fbfa9822800 nmethod 1896 0x000000010f5eec50 code [0x000000010f5eede0, 0x000000010f5ef348]
Event: 41.959 Thread 0x00007fbfa9822800 1897       3       java.lang.invoke.InnerClassLambdaMetafactory::getLoadOpcode (25 bytes)
Event: 41.960 Thread 0x00007fbfa9822800 nmethod 1897 0x000000010f5ef590 code [0x000000010f5ef720, 0x000000010f5ef998]
Event: 41.960 Thread 0x00007fbfa9822800 1898       3       java.lang.invoke.InnerClassLambdaMetafactory::getParameterSize (27 bytes)
Event: 41.960 Thread 0x00007fbfa9822800 nmethod 1898 0x000000010f5efa90 code [0x000000010f5efc00, 0x000000010f5efe30]

GC Heap History (10 events):
Event: 2.038 GC heap before
{Heap before GC invocations=2 (full 0):
 PSYoungGen      total 38400K, used 35232K [0x0000000795580000, 0x000000079a080000, 0x00000007c0000000)
  eden space 33280K, 100% used [0x0000000795580000,0x0000000797600000,0x0000000797600000)
  from space 5120K, 38% used [0x0000000797600000,0x00000007977e8020,0x0000000797b00000)
  to   space 5120K, 0% used [0x0000000799b80000,0x0000000799b80000,0x000000079a080000)
 ParOldGen       total 87552K, used 8K [0x0000000740000000, 0x0000000745580000, 0x0000000795580000)
  object space 87552K, 0% used [0x0000000740000000,0x0000000740002000,0x0000000745580000)
 Metaspace       used 13963K, capacity 14548K, committed 14720K, reserved 1062912K
  class space    used 1973K, capacity 2169K, committed 2176K, reserved 1048576K
Event: 2.053 GC heap after
Heap after GC invocations=2 (full 0):
 PSYoungGen      total 71680K, used 5106K [0x0000000795580000, 0x000000079a080000, 0x00000007c0000000)
  eden space 66560K, 0% used [0x0000000795580000,0x0000000795580000,0x0000000799680000)
  from space 5120K, 99% used [0x0000000799b80000,0x000000079a07cad0,0x000000079a080000)
  to   space 5120K, 0% used [0x0000000799680000,0x0000000799680000,0x0000000799b80000)
 ParOldGen       total 87552K, used 2880K [0x0000000740000000, 0x0000000745580000, 0x0000000795580000)
  object space 87552K, 3% used [0x0000000740000000,0x00000007402d0010,0x0000000745580000)
 Metaspace       used 13963K, capacity 14548K, committed 14720K, reserved 1062912K
  class space    used 1973K, capacity 2169K, committed 2176K, reserved 1048576K
}
Event: 3.467 GC heap before
{Heap before GC invocations=3 (full 0):
 PSYoungGen      total 71680K, used 71666K [0x0000000795580000, 0x000000079a080000, 0x00000007c0000000)
  eden space 66560K, 100% used [0x0000000795580000,0x0000000799680000,0x0000000799680000)
  from space 5120K, 99% used [0x0000000799b80000,0x000000079a07cad0,0x000000079a080000)
  to   space 5120K, 0% used [0x0000000799680000,0x0000000799680000,0x0000000799b80000)
 ParOldGen       total 87552K, used 2880K [0x0000000740000000, 0x0000000745580000, 0x0000000795580000)
  object space 87552K, 3% used [0x0000000740000000,0x00000007402d0010,0x0000000745580000)
 Metaspace       used 14327K, capacity 14982K, committed 15104K, reserved 1062912K
  class space    used 2014K, capacity 2220K, committed 2304K, reserved 1048576K
Event: 3.483 GC heap after
Heap after GC invocations=3 (full 0):
 PSYoungGen      total 71680K, used 5093K [0x0000000795580000, 0x000000079e180000, 0x00000007c0000000)
  eden space 66560K, 0% used [0x0000000795580000,0x0000000795580000,0x0000000799680000)
  from space 5120K, 99% used [0x0000000799680000,0x0000000799b79530,0x0000000799b80000)
  to   space 5120K, 0% used [0x000000079dc80000,0x000000079dc80000,0x000000079e180000)
 ParOldGen       total 87552K, used 4992K [0x0000000740000000, 0x0000000745580000, 0x0000000795580000)
  object space 87552K, 5% used [0x0000000740000000,0x00000007404e0020,0x0000000745580000)
 Metaspace       used 14327K, capacity 14982K, committed 15104K, reserved 1062912K
  class space    used 2014K, capacity 2220K, committed 2304K, reserved 1048576K
}
Event: 6.963 GC heap before
{Heap before GC invocations=4 (full 0):
 PSYoungGen      total 71680K, used 71653K [0x0000000795580000, 0x000000079e180000, 0x00000007c0000000)
  eden space 66560K, 100% used [0x0000000795580000,0x0000000799680000,0x0000000799680000)
  from space 5120K, 99% used [0x0000000799680000,0x0000000799b79530,0x0000000799b80000)
  to   space 5120K, 0% used [0x000000079dc80000,0x000000079dc80000,0x000000079e180000)
 ParOldGen       total 87552K, used 4992K [0x0000000740000000, 0x0000000745580000, 0x0000000795580000)
  object space 87552K, 5% used [0x0000000740000000,0x00000007404e0020,0x0000000745580000)
 Metaspace       used 14785K, capacity 15396K, committed 15616K, reserved 1062912K
  class space    used 2063K, capacity 2271K, committed 2304K, reserved 1048576K
Event: 6.975 GC heap after
Heap after GC invocations=4 (full 0):
 PSYoungGen      total 71680K, used 5090K [0x0000000795580000, 0x000000079e180000, 0x00000007c0000000)
  eden space 66560K, 0% used [0x0000000795580000,0x0000000795580000,0x0000000799680000)
  from space 5120K, 99% used [0x000000079dc80000,0x000000079e178ac0,0x000000079e180000)
  to   space 5120K, 0% used [0x0000000799680000,0x0000000799680000,0x0000000799b80000)
 ParOldGen       total 87552K, used 5059K [0x0000000740000000, 0x0000000745580000, 0x0000000795580000)
  object space 87552K, 5% used [0x0000000740000000,0x00000007404f0c70,0x0000000745580000)
 Metaspace       used 14785K, capacity 15396K, committed 15616K, reserved 1062912K
  class space    used 2063K, capacity 2271K, committed 2304K, reserved 1048576K
}
Event: 8.402 GC heap before
{Heap before GC invocations=5 (full 0):
 PSYoungGen      total 71680K, used 71650K [0x0000000795580000, 0x000000079e180000, 0x00000007c0000000)
  eden space 66560K, 100% used [0x0000000795580000,0x0000000799680000,0x0000000799680000)
  from space 5120K, 99% used [0x000000079dc80000,0x000000079e178ac0,0x000000079e180000)
  to   space 5120K, 0% used [0x0000000799680000,0x0000000799680000,0x0000000799b80000)
 ParOldGen       total 87552K, used 5059K [0x0000000740000000, 0x0000000745580000, 0x0000000795580000)
  object space 87552K, 5% used [0x0000000740000000,0x00000007404f0c70,0x0000000745580000)
 Metaspace       used 14847K, capacity 15524K, committed 15616K, reserved 1062912K
  class space    used 2063K, capacity 2271K, committed 2304K, reserved 1048576K
Event: 8.411 GC heap after
Heap after GC invocations=5 (full 0):
 PSYoungGen      total 69632K, used 5106K [0x0000000795580000, 0x000000079dd00000, 0x00000007c0000000)
  eden space 64512K, 0% used [0x0000000795580000,0x0000000795580000,0x0000000799480000)
  from space 5120K, 99% used [0x0000000799680000,0x0000000799b7cab0,0x0000000799b80000)
  to   space 9728K, 0% used [0x000000079d380000,0x000000079d380000,0x000000079dd00000)
 ParOldGen       total 87552K, used 7123K [0x0000000740000000, 0x0000000745580000, 0x0000000795580000)
  object space 87552K, 8% used [0x0000000740000000,0x00000007406f4c80,0x0000000745580000)
 Metaspace       used 14847K, capacity 15524K, committed 15616K, reserved 1062912K
  class space    used 2063K, capacity 2271K, committed 2304K, reserved 1048576K
}
Event: 10.852 GC heap before
{Heap before GC invocations=6 (full 0):
 PSYoungGen      total 69632K, used 69618K [0x0000000795580000, 0x000000079dd00000, 0x00000007c0000000)
  eden space 64512K, 100% used [0x0000000795580000,0x0000000799480000,0x0000000799480000)
  from space 5120K, 99% used [0x0000000799680000,0x0000000799b7cab0,0x0000000799b80000)
  to   space 9728K, 0% used [0x000000079d380000,0x000000079d380000,0x000000079dd00000)
 ParOldGen       total 87552K, used 7123K [0x0000000740000000, 0x0000000745580000, 0x0000000795580000)
  object space 87552K, 8% used [0x0000000740000000,0x00000007406f4c80,0x0000000745580000)
 Metaspace       used 14914K, capacity 15596K, committed 15872K, reserved 1062912K
  class space    used 2063K, capacity 2271K, committed 2304K, reserved 1048576K
Event: 10.863 GC heap after
Heap after GC invocations=6 (full 0):
 PSYoungGen      total 70144K, used 7170K [0x0000000795580000, 0x000000079db00000, 0x00000007c0000000)
  eden space 62464K, 0% used [0x0000000795580000,0x0000000795580000,0x0000000799280000)
  from space 7680K, 93% used [0x000000079d380000,0x000000079da80ad0,0x000000079db00000)
  to   space 10240K, 0% used [0x000000079c700000,0x000000079c700000,0x000000079d100000)
 ParOldGen       total 87552K, used 7131K [0x0000000740000000, 0x0000000745580000, 0x0000000795580000)
  object space 87552K, 8% used [0x0000000740000000,0x00000007406f6c80,0x0000000745580000)
 Metaspace       used 14914K, capacity 15596K, committed 15872K, reserved 1062912K
  class space    used 2063K, capacity 2271K, committed 2304K, reserved 1048576K
}

Deoptimization events (10 events):
Event: 1.420 Thread 0x00007fbfaa076800 Uncommon trap: reason=class_check action=maybe_recompile pc=0x000000010f2f20c4 method=java.io.DataInputStream.readShort()S @ 4
Event: 1.420 Thread 0x00007fbfaa076800 Uncommon trap: reason=class_check action=maybe_recompile pc=0x000000010f2f20c4 method=java.io.DataInputStream.readShort()S @ 4
Event: 1.421 Thread 0x00007fbfaa076800 Uncommon trap: reason=class_check action=maybe_recompile pc=0x000000010f2f20c4 method=java.io.DataInputStream.readShort()S @ 4
Event: 1.421 Thread 0x00007fbfaa076800 Uncommon trap: reason=class_check action=maybe_recompile pc=0x000000010f2f20c4 method=java.io.DataInputStream.readShort()S @ 4
Event: 1.426 Thread 0x00007fbfaa076800 Uncommon trap: reason=class_check action=maybe_recompile pc=0x000000010f197a5c method=java.lang.String.equals(Ljava/lang/Object;)Z @ 8
Event: 1.426 Thread 0x00007fbfaa076800 Uncommon trap: reason=class_check action=maybe_recompile pc=0x000000010f197a5c method=java.lang.String.equals(Ljava/lang/Object;)Z @ 8
Event: 1.426 Thread 0x00007fbfaa076800 Uncommon trap: reason=class_check action=maybe_recompile pc=0x000000010f197a5c method=java.lang.String.equals(Ljava/lang/Object;)Z @ 8
Event: 1.429 Thread 0x00007fbfaa076800 Uncommon trap: reason=class_check action=maybe_recompile pc=0x000000010f197a5c method=java.lang.String.equals(Ljava/lang/Object;)Z @ 8
Event: 1.641 Thread 0x00007fbfaa076800 Uncommon trap: reason=unstable_if action=reinterpret pc=0x000000010f298820 method=java.lang.CharacterData.of(I)Ljava/lang/CharacterData; @ 4
Event: 4.596 Thread 0x00007fbfaa076800 Uncommon trap: reason=unstable_if action=reinterpret pc=0x000000010f3c3c3c method=jdk.internal.org.objectweb.asm.Type.getArgumentsAndReturnSizes(Ljava/lang/String;)I @ 47

Internal exceptions (10 events):
Event: 0.221 Thread 0x00007fbfaa802000 Exception <a 'java/lang/NoSuchFieldError': method resolution failed> (0x00000007958db808) thrown at [/Users/java_re/workspace/8-2-build-macosx-x86_64/jdk8u45/3457/hotspot/src/share/vm/prims/methodHandles.cpp, line 1125]
Event: 0.249 Thread 0x00007fbfaa802000 Exception <a 'java/security/PrivilegedActionException'> (0x0000000795967dc0) thrown at [/Users/java_re/workspace/8-2-build-macosx-x86_64/jdk8u45/3457/hotspot/src/share/vm/prims/jvm.cpp, line 1382]
Event: 0.249 Thread 0x00007fbfaa802000 Exception <a 'java/security/PrivilegedActionException'> (0x0000000795967f78) thrown at [/Users/java_re/workspace/8-2-build-macosx-x86_64/jdk8u45/3457/hotspot/src/share/vm/prims/jvm.cpp, line 1382]
Event: 0.249 Thread 0x00007fbfaa802000 Exception <a 'java/security/PrivilegedActionException'> (0x000000079596b258) thrown at [/Users/java_re/workspace/8-2-build-macosx-x86_64/jdk8u45/3457/hotspot/src/share/vm/prims/jvm.cpp, line 1382]
Event: 0.249 Thread 0x00007fbfaa802000 Exception <a 'java/security/PrivilegedActionException'> (0x000000079596b410) thrown at [/Users/java_re/workspace/8-2-build-macosx-x86_64/jdk8u45/3457/hotspot/src/share/vm/prims/jvm.cpp, line 1382]
Event: 0.250 Thread 0x00007fbfaa802000 Exception <a 'java/lang/NullPointerException'> (0x000000079596cf48) thrown at [/Users/java_re/workspace/8-2-build-macosx-x86_64/jdk8u45/3457/hotspot/src/share/vm/interpreter/linkResolver.cpp, line 1178]
Event: 0.702 Thread 0x00007fbfaa076800 Exception <a 'java/lang/NullPointerException'> (0x0000000796276df8) thrown at [/Users/java_re/workspace/8-2-build-macosx-x86_64/jdk8u45/3457/hotspot/src/share/vm/interpreter/linkResolver.cpp, line 1178]
Event: 0.702 Thread 0x00007fbfaa076800 Exception <a 'java/lang/NullPointerException'> (0x0000000796276df8) thrown at [/Users/java_re/workspace/8-2-build-macosx-x86_64/jdk8u45/3457/hotspot/src/share/vm/prims/jvm.cpp, line 1386]
Event: 0.740 Thread 0x00007fbfaa076800 Implicit null exception at 0x000000010f299175 to 0x000000010f2994d5
Event: 0.789 Thread 0x00007fbfaa076800 Exception <a 'java/lang/NullPointerException'> (0x0000000796399870) thrown at [/Users/java_re/workspace/8-2-build-macosx-x86_64/jdk8u45/3457/hotspot/src/share/vm/interpreter/linkResolver.cpp, line 1280]

Events (10 events):
Event: 41.960 Thread 0x00007fbfaa802000 Thread exited: 0x00007fbfaa802000
Event: 41.960 Thread 0x00007fbfaa067000 Thread added: 0x00007fbfaa067000
Event: 41.960 Thread 0x00007fbfaa076800 Thread exited: 0x00007fbfaa076800
Event: 41.960 loading class java/util/IdentityHashMap$KeySet
Event: 41.960 loading class java/util/IdentityHashMap$KeySet done
Event: 41.960 loading class java/util/IdentityHashMap$KeyIterator
Event: 41.960 loading class java/util/IdentityHashMap$IdentityHashMapIterator
Event: 41.960 loading class java/util/IdentityHashMap$IdentityHashMapIterator done
Event: 41.960 loading class java/util/IdentityHashMap$KeyIterator done
Event: 41.961 Thread 0x00007fbfaa067000 Thread exited: 0x00007fbfaa067000


Dynamic libraries:
0x0000000002731000 	/System/Library/Frameworks/Cocoa.framework/Versions/A/Cocoa
0x0000000002731000 	/System/Library/Frameworks/Security.framework/Versions/A/Security
0x0000000002731000 	/System/Library/Frameworks/ApplicationServices.framework/Versions/A/ApplicationServices
0x0000000002731000 	/usr/lib/libz.1.dylib
0x0000000002731000 	/usr/lib/libSystem.B.dylib
0x0000000002731000 	/usr/lib/libobjc.A.dylib
0x0000000002731000 	/System/Library/Frameworks/CoreFoundation.framework/Versions/A/CoreFoundation
0x0000000002731000 	/System/Library/Frameworks/Foundation.framework/Versions/C/Foundation
0x0000000002731000 	/System/Library/Frameworks/AppKit.framework/Versions/C/AppKit
0x0000000002731000 	/System/Library/Frameworks/CoreData.framework/Versions/A/CoreData
0x0000000002731000 	/System/Library/PrivateFrameworks/RemoteViewServices.framework/Versions/A/RemoteViewServices
0x0000000002731000 	/System/Library/PrivateFrameworks/UIFoundation.framework/Versions/A/UIFoundation
0x0000000002731000 	/System/Library/Frameworks/IOSurface.framework/Versions/A/IOSurface
0x0000000002731000 	/System/Library/Frameworks/AudioToolbox.framework/Versions/A/AudioToolbox
0x0000000002731000 	/System/Library/Frameworks/AudioUnit.framework/Versions/A/AudioUnit
0x0000000002731000 	/System/Library/PrivateFrameworks/DataDetectorsCore.framework/Versions/A/DataDetectorsCore
0x0000000002731000 	/System/Library/PrivateFrameworks/DesktopServicesPriv.framework/Versions/A/DesktopServicesPriv
0x0000000002731000 	/System/Library/Frameworks/Carbon.framework/Versions/A/Frameworks/HIToolbox.framework/Versions/A/HIToolbox
0x0000000002731000 	/System/Library/Frameworks/QuartzCore.framework/Versions/A/QuartzCore
0x0000000002731000 	/System/Library/Frameworks/Carbon.framework/Versions/A/Frameworks/SpeechRecognition.framework/Versions/A/SpeechRecognition
0x0000000002731000 	/usr/lib/libauto.dylib
0x0000000002731000 	/usr/lib/libicucore.A.dylib
0x0000000002731000 	/usr/lib/libxml2.2.dylib
0x0000000002731000 	/System/Library/PrivateFrameworks/CoreUI.framework/Versions/A/CoreUI
0x0000000002731000 	/System/Library/Frameworks/CoreAudio.framework/Versions/A/CoreAudio
0x0000000002731000 	/System/Library/Frameworks/DiskArbitration.framework/Versions/A/DiskArbitration
0x0000000002731000 	/usr/lib/liblangid.dylib
0x0000000002731000 	/System/Library/PrivateFrameworks/MultitouchSupport.framework/Versions/A/MultitouchSupport
0x0000000002731000 	/System/Library/Frameworks/IOKit.framework/Versions/A/IOKit
0x0000000002731000 	/usr/lib/libDiagnosticMessagesClient.dylib
0x0000000002731000 	/System/Library/Frameworks/CoreServices.framework/Versions/A/CoreServices
0x0000000002731000 	/System/Library/PrivateFrameworks/PerformanceAnalysis.framework/Versions/A/PerformanceAnalysis
0x0000000002731000 	/System/Library/PrivateFrameworks/GenerationalStorage.framework/Versions/A/GenerationalStorage
0x0000000002731000 	/System/Library/Frameworks/OpenGL.framework/Versions/A/OpenGL
0x0000000002731000 	/System/Library/PrivateFrameworks/Sharing.framework/Versions/A/Sharing
0x0000000002731000 	/System/Library/Frameworks/CoreGraphics.framework/Versions/A/CoreGraphics
0x0000000002731000 	/System/Library/Frameworks/CoreText.framework/Versions/A/CoreText
0x0000000002731000 	/System/Library/Frameworks/ImageIO.framework/Versions/A/ImageIO
0x0000000002731000 	/usr/lib/libextension.dylib
0x0000000002731000 	/System/Library/PrivateFrameworks/Backup.framework/Versions/A/Backup
0x0000000002731000 	/usr/lib/libarchive.2.dylib
0x0000000002731000 	/System/Library/Frameworks/CFNetwork.framework/Versions/A/CFNetwork
0x0000000002731000 	/System/Library/Frameworks/SystemConfiguration.framework/Versions/A/SystemConfiguration
0x0000000002731000 	/usr/lib/libCRFSuite.dylib
0x0000000002731000 	/usr/lib/libc++.1.dylib
0x0000000002731000 	/usr/lib/libc++abi.dylib
0x0000000002731000 	/usr/lib/system/libcache.dylib
0x0000000002731000 	/usr/lib/system/libcommonCrypto.dylib
0x0000000002731000 	/usr/lib/system/libcompiler_rt.dylib
0x0000000002731000 	/usr/lib/system/libcopyfile.dylib
0x0000000002731000 	/usr/lib/system/libcorecrypto.dylib
0x0000000002731000 	/usr/lib/system/libdispatch.dylib
0x0000000002731000 	/usr/lib/system/libdyld.dylib
0x0000000002731000 	/usr/lib/system/libkeymgr.dylib
0x0000000002731000 	/usr/lib/system/liblaunch.dylib
0x0000000002731000 	/usr/lib/system/libmacho.dylib
0x0000000002731000 	/usr/lib/system/libquarantine.dylib
0x0000000002731000 	/usr/lib/system/libremovefile.dylib
0x0000000002731000 	/usr/lib/system/libsystem_asl.dylib
0x0000000002731000 	/usr/lib/system/libsystem_blocks.dylib
0x0000000002731000 	/usr/lib/system/libsystem_c.dylib
0x0000000002731000 	/usr/lib/system/libsystem_configuration.dylib
0x0000000002731000 	/usr/lib/system/libsystem_coreservices.dylib
0x0000000002731000 	/usr/lib/system/libsystem_coretls.dylib
0x0000000002731000 	/usr/lib/system/libsystem_dnssd.dylib
0x0000000002731000 	/usr/lib/system/libsystem_info.dylib
0x0000000002731000 	/usr/lib/system/libsystem_kernel.dylib
0x0000000002731000 	/usr/lib/system/libsystem_m.dylib
0x0000000002731000 	/usr/lib/system/libsystem_malloc.dylib
0x0000000002731000 	/usr/lib/system/libsystem_network.dylib
0x0000000002731000 	/usr/lib/system/libsystem_networkextension.dylib
0x0000000002731000 	/usr/lib/system/libsystem_notify.dylib
0x0000000002731000 	/usr/lib/system/libsystem_platform.dylib
0x0000000002731000 	/usr/lib/system/libsystem_pthread.dylib
0x0000000002731000 	/usr/lib/system/libsystem_sandbox.dylib
0x0000000002731000 	/usr/lib/system/libsystem_secinit.dylib
0x0000000002731000 	/usr/lib/system/libsystem_stats.dylib
0x0000000002731000 	/usr/lib/system/libsystem_trace.dylib
0x0000000002731000 	/usr/lib/system/libunc.dylib
0x0000000002731000 	/usr/lib/system/libunwind.dylib
0x0000000002731000 	/usr/lib/system/libxpc.dylib
0x0000000002731000 	/usr/lib/libbz2.1.0.dylib
0x0000000002731000 	/usr/lib/liblzma.5.dylib
0x0000000002731000 	/usr/lib/libbsm.0.dylib
0x0000000002731000 	/usr/lib/libsqlite3.dylib
0x0000000002731000 	/usr/lib/system/libkxld.dylib
0x0000000002731000 	/usr/lib/libxar.1.dylib
0x0000000002731000 	/usr/lib/libpam.2.dylib
0x0000000002731000 	/usr/lib/libOpenScriptingUtil.dylib
0x0000000002731000 	/System/Library/Frameworks/CoreServices.framework/Versions/A/Frameworks/FSEvents.framework/Versions/A/FSEvents
0x0000000002731000 	/System/Library/Frameworks/CoreServices.framework/Versions/A/Frameworks/CarbonCore.framework/Versions/A/CarbonCore
0x0000000002731000 	/System/Library/Frameworks/CoreServices.framework/Versions/A/Frameworks/Metadata.framework/Versions/A/Metadata
0x0000000002731000 	/System/Library/Frameworks/CoreServices.framework/Versions/A/Frameworks/OSServices.framework/Versions/A/OSServices
0x0000000002731000 	/System/Library/Frameworks/CoreServices.framework/Versions/A/Frameworks/SearchKit.framework/Versions/A/SearchKit
0x0000000002731000 	/System/Library/Frameworks/CoreServices.framework/Versions/A/Frameworks/AE.framework/Versions/A/AE
0x0000000002731000 	/System/Library/Frameworks/CoreServices.framework/Versions/A/Frameworks/LaunchServices.framework/Versions/A/LaunchServices
0x0000000002731000 	/System/Library/Frameworks/CoreServices.framework/Versions/A/Frameworks/DictionaryServices.framework/Versions/A/DictionaryServices
0x0000000002731000 	/System/Library/Frameworks/NetFS.framework/Versions/A/NetFS
0x0000000002731000 	/System/Library/PrivateFrameworks/NetAuth.framework/Versions/A/NetAuth
0x0000000002731000 	/System/Library/PrivateFrameworks/login.framework/Versions/A/Frameworks/loginsupport.framework/Versions/A/loginsupport
0x0000000002731000 	/System/Library/PrivateFrameworks/TCC.framework/Versions/A/TCC
0x0000000002731000 	/usr/lib/libmecabra.dylib
0x0000000002731000 	/System/Library/Frameworks/ApplicationServices.framework/Versions/A/Frameworks/ATS.framework/Versions/A/ATS
0x0000000002731000 	/System/Library/Frameworks/ApplicationServices.framework/Versions/A/Frameworks/ColorSync.framework/Versions/A/ColorSync
0x0000000002731000 	/System/Library/Frameworks/ApplicationServices.framework/Versions/A/Frameworks/HIServices.framework/Versions/A/HIServices
0x0000000002731000 	/System/Library/Frameworks/ApplicationServices.framework/Versions/A/Frameworks/LangAnalysis.framework/Versions/A/LangAnalysis
0x0000000002731000 	/System/Library/Frameworks/ApplicationServices.framework/Versions/A/Frameworks/PrintCore.framework/Versions/A/PrintCore
0x0000000002731000 	/System/Library/Frameworks/ApplicationServices.framework/Versions/A/Frameworks/QD.framework/Versions/A/QD
0x0000000002731000 	/System/Library/Frameworks/ApplicationServices.framework/Versions/A/Frameworks/SpeechSynthesis.framework/Versions/A/SpeechSynthesis
0x0000000002731000 	/System/Library/Frameworks/Accelerate.framework/Versions/A/Accelerate
0x0000000002731000 	/System/Library/Frameworks/Accelerate.framework/Versions/A/Frameworks/vImage.framework/Versions/A/vImage
0x0000000002731000 	/System/Library/Frameworks/Accelerate.framework/Versions/A/Frameworks/vecLib.framework/Versions/A/vecLib
0x0000000002731000 	/System/Library/Frameworks/Accelerate.framework/Versions/A/Frameworks/vecLib.framework/Versions/A/libvDSP.dylib
0x0000000002731000 	/System/Library/Frameworks/Accelerate.framework/Versions/A/Frameworks/vecLib.framework/Versions/A/libvMisc.dylib
0x0000000002731000 	/System/Library/Frameworks/Accelerate.framework/Versions/A/Frameworks/vecLib.framework/Versions/A/libLAPACK.dylib
0x0000000002731000 	/System/Library/Frameworks/Accelerate.framework/Versions/A/Frameworks/vecLib.framework/Versions/A/libBLAS.dylib
0x0000000002731000 	/System/Library/Frameworks/Accelerate.framework/Versions/A/Frameworks/vecLib.framework/Versions/A/libLinearAlgebra.dylib
0x0000000002731000 	/System/Library/Frameworks/ApplicationServices.framework/Versions/A/Frameworks/ATS.framework/Versions/A/Resources/libFontParser.dylib
0x0000000002731000 	/System/Library/Frameworks/ApplicationServices.framework/Versions/A/Frameworks/ATS.framework/Versions/A/Resources/libFontRegistry.dylib
0x0000000002731000 	/System/Library/PrivateFrameworks/AppleVPA.framework/Versions/A/AppleVPA
0x0000000002731000 	/System/Library/PrivateFrameworks/AppleJPEG.framework/Versions/A/AppleJPEG
0x0000000002731000 	/System/Library/Frameworks/ImageIO.framework/Versions/A/Resources/libJPEG.dylib
0x0000000002731000 	/System/Library/Frameworks/ImageIO.framework/Versions/A/Resources/libTIFF.dylib
0x0000000002731000 	/System/Library/Frameworks/ImageIO.framework/Versions/A/Resources/libPng.dylib
0x0000000002731000 	/System/Library/Frameworks/ImageIO.framework/Versions/A/Resources/libGIF.dylib
0x0000000002731000 	/System/Library/Frameworks/ImageIO.framework/Versions/A/Resources/libJP2.dylib
0x0000000002731000 	/System/Library/Frameworks/ImageIO.framework/Versions/A/Resources/libRadiance.dylib
0x0000000002731000 	/System/Library/Frameworks/CoreVideo.framework/Versions/A/CoreVideo
0x0000000002731000 	/System/Library/Frameworks/OpenGL.framework/Versions/A/Libraries/libGLU.dylib
0x0000000002731000 	/System/Library/Frameworks/OpenGL.framework/Versions/A/Libraries/libGFXShared.dylib
0x0000000002731000 	/System/Library/Frameworks/OpenGL.framework/Versions/A/Libraries/libGL.dylib
0x0000000002731000 	/System/Library/Frameworks/OpenGL.framework/Versions/A/Libraries/libGLImage.dylib
0x0000000002731000 	/System/Library/Frameworks/OpenGL.framework/Versions/A/Libraries/libCVMSPluginSupport.dylib
0x0000000002731000 	/System/Library/Frameworks/OpenGL.framework/Versions/A/Libraries/libCoreVMClient.dylib
0x0000000002731000 	/usr/lib/libcups.2.dylib
0x0000000002731000 	/System/Library/Frameworks/Kerberos.framework/Versions/A/Kerberos
0x0000000002731000 	/System/Library/Frameworks/GSS.framework/Versions/A/GSS
0x0000000002731000 	/usr/lib/libresolv.9.dylib
0x0000000002731000 	/usr/lib/libiconv.2.dylib
0x0000000002731000 	/System/Library/PrivateFrameworks/Heimdal.framework/Versions/A/Heimdal
0x0000000002731000 	/usr/lib/libheimdal-asn1.dylib
0x0000000002731000 	/System/Library/Frameworks/OpenDirectory.framework/Versions/A/OpenDirectory
0x0000000002731000 	/System/Library/PrivateFrameworks/CommonAuth.framework/Versions/A/CommonAuth
0x0000000002731000 	/System/Library/Frameworks/OpenDirectory.framework/Versions/A/Frameworks/CFOpenDirectory.framework/Versions/A/CFOpenDirectory
0x0000000002731000 	/System/Library/Frameworks/SecurityFoundation.framework/Versions/A/SecurityFoundation
0x0000000002731000 	/System/Library/PrivateFrameworks/LanguageModeling.framework/Versions/A/LanguageModeling
0x0000000002731000 	/usr/lib/libcmph.dylib
0x0000000002731000 	/System/Library/Frameworks/ServiceManagement.framework/Versions/A/ServiceManagement
0x0000000002731000 	/usr/lib/libxslt.1.dylib
0x0000000002731000 	/System/Library/Frameworks/Carbon.framework/Versions/A/Frameworks/Ink.framework/Versions/A/Ink
0x0000000002731000 	/System/Library/Frameworks/QuartzCore.framework/Versions/A/Frameworks/CoreImage.framework/Versions/A/CoreImage
0x0000000002731000 	/System/Library/PrivateFrameworks/CrashReporterSupport.framework/Versions/A/CrashReporterSupport
0x0000000002731000 	/System/Library/Frameworks/OpenCL.framework/Versions/A/OpenCL
0x0000000002731000 	/System/Library/PrivateFrameworks/FaceCore.framework/Versions/A/FaceCore
0x0000000002731000 	/System/Library/PrivateFrameworks/Ubiquity.framework/Versions/A/Ubiquity
0x0000000002731000 	/System/Library/PrivateFrameworks/IconServices.framework/Versions/A/IconServices
0x0000000002731000 	/System/Library/PrivateFrameworks/ChunkingLibrary.framework/Versions/A/ChunkingLibrary
0x0000000002731000 	/System/Library/PrivateFrameworks/Apple80211.framework/Versions/A/Apple80211
0x0000000002731000 	/System/Library/Frameworks/CoreWLAN.framework/Versions/A/CoreWLAN
0x0000000002731000 	/System/Library/Frameworks/IOBluetooth.framework/Versions/A/IOBluetooth
0x0000000002731000 	/System/Library/PrivateFrameworks/CoreWiFi.framework/Versions/A/CoreWiFi
0x0000000002731000 	/System/Library/Frameworks/CoreBluetooth.framework/Versions/A/CoreBluetooth
0x0000000002731000 	/System/Library/PrivateFrameworks/DebugSymbols.framework/Versions/A/DebugSymbols
0x0000000002731000 	/System/Library/PrivateFrameworks/CoreSymbolication.framework/Versions/A/CoreSymbolication
0x0000000002731000 	/System/Library/PrivateFrameworks/Symbolication.framework/Versions/A/Symbolication
0x0000000002731000 	/System/Library/PrivateFrameworks/SpeechRecognitionCore.framework/Versions/A/SpeechRecognitionCore
0x000000010e000000 	/Library/Java/JavaVirtualMachines/jdk1.8.0_45.jdk/Contents/Home/jre/lib/server/libjvm.dylib
0x0000000002731000 	/usr/lib/libstdc++.6.dylib
0x000000010d74f000 	/Library/Java/JavaVirtualMachines/jdk1.8.0_45.jdk/Contents/Home/jre/lib/libverify.dylib
0x000000010d75d000 	/Library/Java/JavaVirtualMachines/jdk1.8.0_45.jdk/Contents/Home/jre/lib/libjava.dylib
0x000000010d79c000 	/Library/Java/JavaVirtualMachines/jdk1.8.0_45.jdk/Contents/Home/jre/lib/libzip.dylib
0x0000000125093000 	/System/Library/Frameworks/JavaVM.framework/Frameworks/JavaRuntimeSupport.framework/JavaRuntimeSupport
0x00000001250ab000 	/System/Library/Frameworks/JavaVM.framework/Versions/A/Frameworks/JavaNativeFoundation.framework/Versions/A/JavaNativeFoundation
0x00000001250c0000 	/System/Library/Frameworks/JavaVM.framework/Versions/A/JavaVM
0x0000000002731000 	/System/Library/Frameworks/Carbon.framework/Versions/A/Carbon
0x00000001250cd000 	/System/Library/PrivateFrameworks/JavaLaunching.framework/Versions/A/JavaLaunching
0x0000000002731000 	/System/Library/Frameworks/Carbon.framework/Versions/A/Frameworks/CommonPanels.framework/Versions/A/CommonPanels
0x0000000002731000 	/System/Library/Frameworks/Carbon.framework/Versions/A/Frameworks/Help.framework/Versions/A/Help
0x0000000002731000 	/System/Library/Frameworks/Carbon.framework/Versions/A/Frameworks/ImageCapture.framework/Versions/A/ImageCapture
0x0000000002731000 	/System/Library/Frameworks/Carbon.framework/Versions/A/Frameworks/OpenScripting.framework/Versions/A/OpenScripting
0x0000000002731000 	/System/Library/Frameworks/Carbon.framework/Versions/A/Frameworks/Print.framework/Versions/A/Print
0x0000000002731000 	/System/Library/Frameworks/Carbon.framework/Versions/A/Frameworks/SecurityHI.framework/Versions/A/SecurityHI
0x000000012719c000 	/Library/Java/JavaVirtualMachines/jdk1.8.0_45.jdk/Contents/Home/jre/lib/libprism_es2.dylib
0x0000000002731000 	/System/Library/Frameworks/OpenGL.framework/Versions/A/Resources/GLEngine.bundle/GLEngine
0x0000000002731000 	/System/Library/Frameworks/OpenGL.framework/Versions/A/Libraries/libGLProgrammability.dylib
0x0000000000000000 	/System/Library/Extensions/AppleIntelHD5000GraphicsGLDriver.bundle/Contents/MacOS/AppleIntelHD5000GraphicsGLDriver
0x0000000002731000 	/System/Library/PrivateFrameworks/IOAccelerator.framework/Versions/A/IOAccelerator
0x0000000002731000 	/System/Library/PrivateFrameworks/GPUSupport.framework/Versions/A/Libraries/libGPUSupportMercury.dylib
0x0000000002731000 	/System/Library/Frameworks/OpenGL.framework/Versions/A/Resources/GLRendererFloat.bundle/GLRendererFloat
0x0000000002731000 	/System/Library/Frameworks/OpenCL.framework/Versions/A/Libraries/libcldcpuengine.dylib
0x0000000002731000 	/System/Library/PrivateFrameworks/DiskImages.framework/Versions/A/DiskImages
0x0000000002731000 	/System/Library/Frameworks/DiscRecording.framework/Versions/A/DiscRecording
0x0000000002731000 	/usr/lib/libcsfde.dylib
0x0000000002731000 	/usr/lib/libcurl.4.dylib
0x0000000002731000 	/System/Library/PrivateFrameworks/MediaKit.framework/Versions/A/MediaKit
0x0000000002731000 	/System/Library/PrivateFrameworks/ProtectedCloudStorage.framework/Versions/A/ProtectedCloudStorage
0x0000000002731000 	/usr/lib/libCoreStorage.dylib
0x0000000002731000 	/System/Library/PrivateFrameworks/EFILogin.framework/Versions/A/EFILogin
0x0000000002731000 	/usr/lib/libutil.dylib
0x0000000002731000 	/System/Library/PrivateFrameworks/FindMyDevice.framework/Versions/A/FindMyDevice
0x0000000002731000 	/System/Library/Frameworks/LDAP.framework/Versions/A/LDAP
0x0000000002731000 	/usr/lib/libsasl2.2.dylib
0x0000000002731000 	/System/Library/PrivateFrameworks/CoreDaemon.framework/Versions/B/CoreDaemon
0x0000000002731000 	/usr/lib/libcrypto.0.9.8.dylib
0x0000000002731000 	/System/Library/PrivateFrameworks/AppleSRP.framework/Versions/A/AppleSRP
0x0000000002731000 	/System/Library/PrivateFrameworks/TrustEvaluationAgent.framework/Versions/A/TrustEvaluationAgent
0x000000012764d000 	/Library/Java/JavaVirtualMachines/jdk1.8.0_45.jdk/Contents/Home/jre/lib/libglass.dylib
0x0000000002731000 	/System/Library/PrivateFrameworks/CoreServicesInternal.framework/Versions/A/CoreServicesInternal
0x0000000002731000 	/System/Library/PrivateFrameworks/CloudDocs.framework/Versions/A/CloudDocs
0x0000000002731000 	/System/Library/PrivateFrameworks/CoreDuet.framework/Versions/A/CoreDuet
0x0000000002731000 	/System/Library/Frameworks/CloudKit.framework/Versions/A/CloudKit
0x0000000002731000 	/System/Library/PrivateFrameworks/ProtocolBuffer.framework/Versions/A/ProtocolBuffer
0x0000000002731000 	/System/Library/PrivateFrameworks/CoreDuetDaemonProtocol.framework/Versions/A/CoreDuetDaemonProtocol
0x0000000002731000 	/System/Library/PrivateFrameworks/CoreDuetDebugLogging.framework/Versions/A/CoreDuetDebugLogging
0x0000000002731000 	/System/Library/PrivateFrameworks/MMCS.framework/Versions/A/MMCS
0x0000000002731000 	/System/Library/Frameworks/CoreLocation.framework/Versions/A/CoreLocation
0x0000000002731000 	/System/Library/PrivateFrameworks/GeoServices.framework/Versions/A/GeoServices
0x0000000002731000 	/System/Library/Frameworks/CoreGraphics.framework/Versions/A/Resources/libCGCMS.A.dylib
0x0000000002731000 	/System/Library/CoreServices/RawCamera.bundle/Contents/MacOS/RawCamera
0x0000000002731000 	/System/Library/Frameworks/CoreGraphics.framework/Versions/A/Resources/libRIP.A.dylib
0x0000000002731000 	/System/Library/PrivateFrameworks/FamilyControls.framework/Versions/A/FamilyControls
0x0000000002731000 	/System/Library/PrivateFrameworks/CommerceKit.framework/Versions/A/Frameworks/CommerceCore.framework/Versions/A/CommerceCore
0x0000000002731000 	/System/Library/PrivateFrameworks/SystemAdministration.framework/Versions/A/SystemAdministration
0x0000000002731000 	/System/Library/PrivateFrameworks/AppContainer.framework/Versions/A/AppContainer
0x0000000002731000 	/System/Library/PrivateFrameworks/SecCodeWrapper.framework/Versions/A/SecCodeWrapper
0x0000000002731000 	/System/Library/Frameworks/DirectoryService.framework/Versions/A/DirectoryService
0x0000000002731000 	/System/Library/PrivateFrameworks/LoginUIKit.framework/Versions/A/Frameworks/LoginUICore.framework/Versions/A/LoginUICore
0x0000000002731000 	/usr/lib/libodfde.dylib
0x000000012b4da000 	/Library/Java/JavaVirtualMachines/jdk1.8.0_45.jdk/Contents/Home/jre/lib/libglib-lite.dylib
0x000000012b600000 	/Library/Java/JavaVirtualMachines/jdk1.8.0_45.jdk/Contents/Home/jre/lib/libgstreamer-lite.dylib
0x000000012b783000 	/Library/Java/JavaVirtualMachines/jdk1.8.0_45.jdk/Contents/Home/jre/lib/libjfxmedia.dylib
0x000000012b7c4000 	/Library/Java/JavaVirtualMachines/jdk1.8.0_45.jdk/Contents/Home/jre/lib/libjfxmedia_avf.dylib
0x0000000002731000 	/System/Library/Frameworks/AVFoundation.framework/Versions/A/AVFoundation
0x0000000002731000 	/System/Library/Frameworks/CoreMedia.framework/Versions/A/CoreMedia
0x0000000002731000 	/System/Library/Frameworks/MediaToolbox.framework/Versions/A/MediaToolbox
0x0000000002731000 	/System/Library/Frameworks/AVFoundation.framework/Versions/A/Resources/libAVFAudio.dylib
0x0000000002731000 	/System/Library/Frameworks/VideoToolbox.framework/Versions/A/VideoToolbox
0x0000000002731000 	/System/Library/Frameworks/CoreMediaIO.framework/Versions/A/CoreMediaIO
0x0000000002731000 	/System/Library/PrivateFrameworks/MediaControlSender.framework/Versions/A/MediaControlSender
0x0000000002731000 	/System/Library/PrivateFrameworks/CoreAVCHD.framework/Versions/A/CoreAVCHD
0x0000000002731000 	/System/Library/Frameworks/MediaAccessibility.framework/Versions/A/MediaAccessibility
0x0000000002731000 	/System/Library/PrivateFrameworks/Mangrove.framework/Versions/A/Mangrove
0x0000000002731000 	/System/Library/PrivateFrameworks/CoreAUC.framework/Versions/A/CoreAUC
0x0000000002731000 	/System/Library/PrivateFrameworks/NetworkStatistics.framework/Versions/A/NetworkStatistics
0x0000000002731000 	/System/Library/PrivateFrameworks/AirPlaySupport.framework/Versions/A/AirPlaySupport
0x0000000002731000 	/System/Library/PrivateFrameworks/CoreUtils.framework/Versions/A/CoreUtils
0x0000000002731000 	/System/Library/PrivateFrameworks/AppleVA.framework/Versions/A/AppleVA
0x0000000002731000 	/System/Library/PrivateFrameworks/XPCService.framework/Versions/A/XPCService
0x0000000002731000 	/System/Library/PrivateFrameworks/AppSandbox.framework/Versions/A/AppSandbox
0x0000000002731000 	/usr/lib/libsandbox.1.dylib
0x0000000002731000 	/usr/lib/libMatch.1.dylib
0x000000012b7fc000 	/Library/Java/JavaVirtualMachines/jdk1.8.0_45.jdk/Contents/Home/jre/lib/libjfxmedia_qtkit.dylib
0x0000000002731000 	/System/Library/Frameworks/QTKit.framework/Versions/A/QTKit
0x0000000002731000 	/System/Library/PrivateFrameworks/CoreMediaAuthoring.framework/Versions/A/CoreMediaAuthoring
0x000000012b80b000 	/Library/Java/JavaVirtualMachines/jdk1.8.0_45.jdk/Contents/Home/jre/lib/libfxplugins.dylib
0x000000012b836000 	/System/Library/Frameworks/VideoDecodeAcceleration.framework/Versions/A/VideoDecodeAcceleration
0x000000012b8bf000 	/Library/Java/JavaVirtualMachines/jdk1.8.0_45.jdk/Contents/Home/jre/lib/libnet.dylib
0x000000012b91e000 	/Library/Java/JavaVirtualMachines/jdk1.8.0_45.jdk/Contents/Home/jre/lib/libnio.dylib
0x000000012be68000 	/System/Library/Extensions/AppleHDA.kext/Contents/PlugIns/AppleHDAHALPlugIn.bundle/Contents/MacOS/AppleHDAHALPlugIn
0x000000012be99000 	/System/Library/Components/CoreAudio.component/Contents/MacOS/CoreAudio
0x000000012c1f5000 	/System/Library/PrivateFrameworks/AppleGVA.framework/AppleGVA
0x000000012c4bf000 	/System/Library/Extensions/AppleIntelHD5000GraphicsVADriver.bundle/Contents/MacOS/AppleIntelHD5000GraphicsVADriver
0x000000012c71f000 	/System/Library/Extensions/AppleIntelHSWVA.bundle/Contents/MacOS/AppleIntelHSWVA
0x000000012d4ec000 	/System/Library/Components/AudioCodecs.component/Contents/MacOS/AudioCodecs
0x000000012d2d7000 	/Library/Java/JavaVirtualMachines/jdk1.8.0_45.jdk/Contents/Home/jre/lib/libjavafx_font.dylib
0x0000000002731000 	/System/Library/Frameworks/CoreGraphics.framework/Versions/A/Resources/libCGXType.A.dylib
0x000000012f992000 	cl_kernels
0x000000012f994000 	/System/Library/Frameworks/OpenCL.framework/Versions/A/Libraries/ImageFormats/unorm8_bgra.dylib
0x000000012fb41000 	cl_kernels
0x000000012fc76000 	/Library/Java/JavaVirtualMachines/jdk1.8.0_45.jdk/Contents/Home/jre/lib/libprism_common.dylib

VM Arguments:
jvm_args: -Dfile.encoding=UTF-8 
java_command: application.Main
java_class_path (initial): /Users/ryu1031/Documents/workspace/VPlayer/bin:/Users/ryu1031/Downloads/eclipse/plugins/org.eclipse.fx.ide.css.jfx8_1.2.0.201501301049.jar
Launcher Type: SUN_STANDARD

Environment Variables:
PATH=/usr/bin:/bin:/usr/sbin:/sbin
SHELL=/bin/bash
DISPLAY=/private/tmp/com.apple.launchd.YIN5SRLYMI/org.macosforge.xquartz:0

Signal Handlers:
SIGSEGV: [libjvm.dylib+0x58ef95], sa_mask[0]=11111111011111110111111111111111, sa_flags=SA_ONSTACK|SA_RESTART|SA_SIGINFO
SIGBUS: [libjvm.dylib+0x58ef95], sa_mask[0]=11111111011111110111111111111111, sa_flags=SA_RESTART|SA_SIGINFO
SIGFPE: [libjvm.dylib+0x46c108], sa_mask[0]=11111111011111110111111111111111, sa_flags=SA_RESTART|SA_SIGINFO
SIGPIPE: [libjvm.dylib+0x46c108], sa_mask[0]=11111111011111110111111111111111, sa_flags=SA_RESTART|SA_SIGINFO
SIGXFSZ: [libjvm.dylib+0x46c108], sa_mask[0]=11111111011111110111111111111111, sa_flags=SA_RESTART|SA_SIGINFO
SIGILL: [libjvm.dylib+0x46c108], sa_mask[0]=11111111011111110111111111111111, sa_flags=SA_RESTART|SA_SIGINFO
SIGUSR1: SIG_DFL, sa_mask[0]=00000000000000000000000000000000, sa_flags=none
SIGUSR2: [libjvm.dylib+0x46bc26], sa_mask[0]=00100000000000000000000000000000, sa_flags=SA_RESTART|SA_SIGINFO
SIGHUP: [AudioToolbox+0xf933a], sa_mask[0]=00000000000000000000000000000000, sa_flags=SA_RESTART
SIGINT: [libjvm.dylib+0x46a1f9], sa_mask[0]=11111111011111110111111111111111, sa_flags=SA_RESTART|SA_SIGINFO
SIGTERM: [libjvm.dylib+0x46a1f9], sa_mask[0]=11111111011111110111111111111111, sa_flags=SA_RESTART|SA_SIGINFO
SIGQUIT: [libjvm.dylib+0x46a1f9], sa_mask[0]=11111111011111110111111111111111, sa_flags=SA_RESTART|SA_SIGINFO


---------------  S Y S T E M  ---------------

OS:Bsduname:Darwin 14.3.0 Darwin Kernel Version 14.3.0: Mon Mar 23 11:59:05 PDT 2015; root:xnu-2782.20.48~5/RELEASE_X86_64 x86_64
rlimit: STACK 8192k, CORE 0k, NPROC 709, NOFILE 10240, AS infinity
load average:1.91 1.78 1.74

CPU:total 4 (2 cores per cpu, 2 threads per core) family 6 model 69 stepping 1, cmov, cx8, fxsr, mmx, sse, sse2, sse3, ssse3, sse4.1, sse4.2, popcnt, avx, avx2, aes, clmul, erms, lzcnt, ht, tsc, tscinvbit, bmi1, bmi2

Memory: 4k page, physical 8388608k(200864k free)

/proc/meminfo:


vm_info: Java HotSpot(TM) 64-Bit Server VM (25.45-b02) for bsd-amd64 JRE (1.8.0_45-b14), built on Apr 10 2015 10:46:38 by "java_re" with gcc 4.2.1 (Based on Apple Inc. build 5658) (LLVM build 2336.11.00)

time: Fri Jun 19 02:16:07 2015
elapsed time: 42 seconds (0d 0h 0m 42s)

