#
# A fatal error has been detected by the Java Runtime Environment:
#
#  SIGSEGV (0xb) at pc=0x000000012339e511, pid=11489, tid=1811
#
# JRE version: Java(TM) SE Runtime Environment (8.0_45-b14) (build 1.8.0_45-b14)
# Java VM: Java HotSpot(TM) 64-Bit Server VM (25.45-b02 mixed mode bsd-amd64 compressed oops)
# Problematic frame:
# C  [libglass.dylib+0x15511]  GlassScreenDidChangeScreenParameters+0x21
#
# Failed to write core dump. Core dumps have been disabled. To enable core dumping, try "ulimit -c unlimited" before starting Java again
#
# If you would like to submit a bug report, please visit:
#   http://bugreport.java.com/bugreport/crash.jsp
#

---------------  T H R E A D  ---------------

Current thread is native thread

siginfo: si_signo: 11 (SIGSEGV), si_code: 1 (SEGV_MAPERR), si_addr: 0x0000000000000000

Registers:
RAX=0x00000001233d0ac8, RBX=0x0000000000000000, RCX=0x0200cde3175c8812, RDX=0x00007fff7392d1f8
RSP=0x00007fff568881d0, RBP=0x00007fff568881e0, RSI=0x00007fb028e09780, RDI=0x0000000000000000
R8 =0x00007fff56888080, R9 =0x00007fff73438300, R10=0x0000000000000000, R11=0x0000000000000246
R12=0x00007fb028d20a60, R13=0x00000000000f426a, R14=0x00007fb028e603f0, R15=0x00007fff56888320
RIP=0x000000012339e511, EFLAGS=0x0000000000010246, ERR=0x0000000000000004
  TRAPNO=0x000000000000000e

Top of Stack: (sp=0x00007fff568881d0)
0x00007fff568881d0:   00007fff568883b0 00007fb028e603f0
0x00007fff568881e0:   00007fff568881f0 00007fff89bf345c
0x00007fff568881f0:   00007fff56888550 00007fff89ae3634
0x00007fff56888200:   00007fff56888250 0000000000001e00
0x00007fff56888210:   00007fff738f0ed0 00007fb028c5f610
0x00007fff56888220:   0000000000001003 0000000000000270
0x00007fff56888230:   00007fb028c5f610 00007fb028e603f0
0x00007fff56888240:   0000000000000000 00007fff56888320
0x00007fff56888250:   0000000000000000 00007fb028e603b0
0x00007fff56888260:   00007fff568883a0 000000000000001a
0x00007fff56888270:   00000000000f4291 00007fb028f35520
0x00007fff56888280:   00007fb028c60bb0 00007fb028d20a60
0x00007fff56888290:   0000000000000001 00000000000f426a
0x00007fff568882a0:   00007fb028d20a50 00007fff8c86aacb
0x00007fff568882b0:   0000000000000001 0000000000000001
0x00007fff568882c0:   0000000000000030 0000000000000001
0x00007fff568882d0:   00007fff568882f0 00007fff8c870231
0x00007fff568882e0:   00007fff738eefb0 0000000000000000
0x00007fff568882f0:   00007fff56888310 0000000000000002
0x00007fff56888300:   00003a0380000000 00007fb028d20a84
0x00007fff56888310:   0000000000000000 00007fff89ad910f
0x00007fff56888320:   00007fb028e603f0 00007fff738eefb0
0x00007fff56888330:   00007fff568883b0 0000000000000001
0x00007fff56888340:   00007fff56888380 00007fff8c86a53e
0x00007fff56888350:   0000000109393a00 0000000000000002
0x00007fff56888360:   0000000109390000 00007fb028f35562
0x00007fff56888370:   0000000000000003 0000000109395800
0x00007fff56888380:   00007fff56888470 00007fff8c8692a2
0x00007fff56888390:   00007fb028e47de0 00007fff56888558
0x00007fff568883a0:   0000000000000017 0000000000000000
0x00007fff568883b0:   00000000000f426a 00007fff89ad9403
0x00007fff568883c0:   00007fff00000000 00007fb028e4c3b0 

Instructions: (pc=0x000000012339e511)
0x000000012339e4f1:   48 89 e5 41 56 53 48 8d 05 c2 26 03 00 48 83 38
0x000000012339e501:   00 48 89 fb 75 72 48 8d 05 ba 25 03 00 48 8b 30
0x000000012339e511:   48 8b 03 48 8d 15 6c 9a 01 00 48 8d 0d 86 6f 01
0x000000012339e521:   00 48 89 df ff 90 88 03 00 00 48 8d 0d 8e 26 03 

Register to memory mapping:

RAX=0x00000001233d0ac8: jScreenClass+0 in /Library/Java/JavaVirtualMachines/jdk1.8.0_45.jdk/Contents/Home/jre/lib/libglass.dylib at 0x0000000123389000
RBX=0x0000000000000000 is an unknown value
RCX=0x0200cde3175c8812 is an unknown value
RDX=0x00007fff7392d1f8: __sFX+0x1c8 in /usr/lib/system/libsystem_c.dylib at 0x00007fff89f55000
RSP=0x00007fff568881d0 is an unknown value
RBP=0x00007fff568881e0 is an unknown value
RSI=0x00007fb028e09780 is a global jni handle
RDI=0x0000000000000000 is an unknown value
R8 =0x00007fff56888080 is an unknown value
R9 =0x00007fff73438300: _thread+0 in /usr/lib/system/libsystem_pthread.dylib at 0x00007fff87786000
R10=0x0000000000000000 is an unknown value
R11=0x0000000000000246 is an unknown value
R12=0x00007fb028d20a60 is an unknown value
R13=0x00000000000f426a is an unknown value
R14=0x00007fb028e603f0 is an unknown value
R15=0x00007fff56888320 is an unknown value


Stack: [0x00007fff5608b000,0x00007fff5688b000],  sp=0x00007fff568881d0,  free space=8180k
Native frames: (J=compiled Java code, j=interpreted, Vv=VM code, C=native code)
C  [libglass.dylib+0x15511]  GlassScreenDidChangeScreenParameters+0x21
C  [CoreFoundation+0x12045c]  __CFNOTIFICATIONCENTER_IS_CALLING_OUT_TO_AN_OBSERVER__+0xc
C  [CoreFoundation+0x10634]  _CFXNotificationPost+0xc44
C  [Foundation+0x79d1]  -[NSNotificationCenter postNotificationName:object:userInfo:]+0x42
C  [AppKit+0x40df7e]  -[NSApplication _reactToScreenInvalidationImmediately:]+0x17b
C  [AppKit+0x40ddc7]  __44-[NSApplication _reactToScreenInvalidation:]_block_invoke+0x4b
C  [CoreFoundation+0x808ec]  __CFRUNLOOP_IS_CALLING_OUT_TO_A_BLOCK__+0xc
C  [CoreFoundation+0x729f5]  __CFRunLoopDoBlocks+0x155
C  [CoreFoundation+0x72536]  __CFRunLoopRun+0x716
C  [CoreFoundation+0x71bd8]  CFRunLoopRunSpecific+0x128
C  [java+0x6490]  CreateExecutionEnvironment+0x367
C  [java+0x221c]  JLI_Launch+0x7a0
C  [java+0x84ed]  main+0x65
C  [java+0x1a74]  start+0x34


---------------  P R O C E S S  ---------------

VM state:at safepoint (normal execution)

VM Mutex/Monitor currently owned by a thread:  ([mutex/lock_event])
[0x00007fb028c029e0] Threads_lock - owner thread: 0x00007fb02a03a800

Heap:
 PSYoungGen      total 38400K, used 13810K [0x0000000795580000, 0x0000000798000000, 0x00000007c0000000)
  eden space 33280K, 41% used [0x0000000795580000,0x00000007962fc8b8,0x0000000797600000)
  from space 5120K, 0% used [0x0000000797b00000,0x0000000797b00000,0x0000000798000000)
  to   space 5120K, 0% used [0x0000000797600000,0x0000000797600000,0x0000000797b00000)
 ParOldGen       total 87552K, used 0K [0x0000000740000000, 0x0000000745580000, 0x0000000795580000)
  object space 87552K, 0% used [0x0000000740000000,0x0000000740000000,0x0000000745580000)
 Metaspace       used 7523K, capacity 7948K, committed 8064K, reserved 1056768K
  class space    used 934K, capacity 1069K, committed 1152K, reserved 1048576K

Card table byte_map: [0x000000011a129000,0x000000011a52a000] byte_map_base: 0x0000000116729000

Marking Bits: (ParMarkBitMap*) 0x000000010a6c27a0
 Begin Bits: [0x000000011abe1000, 0x000000011cbe1000)
 End Bits:   [0x000000011cbe1000, 0x000000011ebe1000)

Polling page: 0x00000001095d1000

CodeCache: size=245760Kb used=2244Kb max_used=2253Kb free=243515Kb
 bounds [0x000000010ad69000, 0x000000010afd9000, 0x0000000119d69000]
 total_blobs=948 nmethods=532 adapters=330
 compilation: enabled

Compilation events (10 events):
Event: 0.737 Thread 0x00007fb02a82b800  528       3       java.nio.ByteBuffer::arrayOffset (35 bytes)
Event: 0.738 Thread 0x00007fb02a82b800 nmethod 528 0x000000010af98350 code [0x000000010af984e0, 0x000000010af987f8]
Event: 0.738 Thread 0x00007fb02a812800  530       4       java.lang.AbstractStringBuilder::ensureCapacityInternal (16 bytes)
Event: 0.738 Thread 0x00007fb02a82b800  529       3       java.nio.Buffer::position (43 bytes)
Event: 0.738 Thread 0x00007fb02a82b800 nmethod 529 0x000000010af97e50 code [0x000000010af97fc0, 0x000000010af98288]
Event: 0.738 Thread 0x00007fb02a82b800  531       3       java.nio.CharBuffer::arrayOffset (35 bytes)
Event: 0.739 Thread 0x00007fb02a82b800 nmethod 531 0x000000010af97850 code [0x000000010af979e0, 0x000000010af97cf8]
Event: 0.739 Thread 0x00007fb02a82b800  532       3       java.lang.StringBuilder::append (8 bytes)
Event: 0.739 Thread 0x00007fb02a82b800 nmethod 532 0x000000010af974d0 code [0x000000010af97640, 0x000000010af977c8]
Event: 0.742 Thread 0x00007fb02a812800 nmethod 530 0x000000010af9cc90 code [0x000000010af9cde0, 0x000000010af9d078]

GC Heap History (0 events):
No events

Deoptimization events (1 events):
Event: 0.530 Thread 0x00007fb02a1d7800 Uncommon trap: reason=unstable_if action=reinterpret pc=0x000000010af20134 method=java.lang.String.replace(CC)Ljava/lang/String; @ 2

Internal exceptions (10 events):
Event: 0.215 Thread 0x00007fb02a003000 Exception <a 'java/lang/NoSuchFieldError': method resolution failed> (0x00000007958cd150) thrown at [/Users/java_re/workspace/8-2-build-macosx-x86_64/jdk8u45/3457/hotspot/src/share/vm/prims/methodHandles.cpp, line 1125]
Event: 0.217 Thread 0x00007fb02a003000 Exception <a 'java/lang/NoSuchFieldError': method resolution failed> (0x00000007958db820) thrown at [/Users/java_re/workspace/8-2-build-macosx-x86_64/jdk8u45/3457/hotspot/src/share/vm/prims/methodHandles.cpp, line 1125]
Event: 0.242 Thread 0x00007fb02a003000 Exception <a 'java/security/PrivilegedActionException'> (0x0000000795967dd8) thrown at [/Users/java_re/workspace/8-2-build-macosx-x86_64/jdk8u45/3457/hotspot/src/share/vm/prims/jvm.cpp, line 1382]
Event: 0.242 Thread 0x00007fb02a003000 Exception <a 'java/security/PrivilegedActionException'> (0x0000000795967f90) thrown at [/Users/java_re/workspace/8-2-build-macosx-x86_64/jdk8u45/3457/hotspot/src/share/vm/prims/jvm.cpp, line 1382]
Event: 0.243 Thread 0x00007fb02a003000 Exception <a 'java/security/PrivilegedActionException'> (0x000000079596b270) thrown at [/Users/java_re/workspace/8-2-build-macosx-x86_64/jdk8u45/3457/hotspot/src/share/vm/prims/jvm.cpp, line 1382]
Event: 0.243 Thread 0x00007fb02a003000 Exception <a 'java/security/PrivilegedActionException'> (0x000000079596b428) thrown at [/Users/java_re/workspace/8-2-build-macosx-x86_64/jdk8u45/3457/hotspot/src/share/vm/prims/jvm.cpp, line 1382]
Event: 0.243 Thread 0x00007fb02a003000 Exception <a 'java/lang/NullPointerException'> (0x000000079596cf60) thrown at [/Users/java_re/workspace/8-2-build-macosx-x86_64/jdk8u45/3457/hotspot/src/share/vm/interpreter/linkResolver.cpp, line 1178]
Event: 0.608 Thread 0x00007fb02a1d7800 Exception <a 'java/lang/NullPointerException'> (0x000000079626d178) thrown at [/Users/java_re/workspace/8-2-build-macosx-x86_64/jdk8u45/3457/hotspot/src/share/vm/interpreter/linkResolver.cpp, line 1178]
Event: 0.608 Thread 0x00007fb02a1d7800 Exception <a 'java/lang/NullPointerException'> (0x000000079626d178) thrown at [/Users/java_re/workspace/8-2-build-macosx-x86_64/jdk8u45/3457/hotspot/src/share/vm/prims/jvm.cpp, line 1386]
Event: 0.736 Thread 0x00007fb02a003000 Exception <a 'java/lang/reflect/InvocationTargetException'> (0x0000000795c5f0c8) thrown at [/Users/java_re/workspace/8-2-build-macosx-x86_64/jdk8u45/3457/hotspot/src/share/vm/runtime/reflection.cpp, line 1080]

Events (10 events):
Event: 0.743 loading class java/util/Formatter$Flags done
Event: 0.743 loading class java/util/Formatter$Conversion
Event: 0.743 loading class java/util/Formatter$Conversion done
Event: 0.743 loading class java/util/Formattable
Event: 0.743 loading class java/util/Formattable done
Event: 0.744 loading class java/util/IdentityHashMap$KeyIterator
Event: 0.744 loading class java/util/IdentityHashMap$IdentityHashMapIterator
Event: 0.744 loading class java/util/IdentityHashMap$IdentityHashMapIterator done
Event: 0.744 loading class java/util/IdentityHashMap$KeyIterator done
Event: 0.744 Executing VM operation: Exit


Dynamic libraries:
0x0000000002731000 	/System/Library/Frameworks/Cocoa.framework/Versions/A/Cocoa
0x0000000002731000 	/System/Library/Frameworks/Security.framework/Versions/A/Security
0x0000000002731000 	/System/Library/Frameworks/ApplicationServices.framework/Versions/A/ApplicationServices
0x0000000002731000 	/usr/lib/libz.1.dylib
0x0000000002731000 	/usr/lib/libSystem.B.dylib
0x0000000002731000 	/usr/lib/libobjc.A.dylib
0x0000000002731000 	/System/Library/Frameworks/CoreFoundation.framework/Versions/A/CoreFoundation
0x0000000002731000 	/System/Library/Frameworks/Foundation.framework/Versions/C/Foundation
0x0000000002731000 	/System/Library/Frameworks/AppKit.framework/Versions/C/AppKit
0x0000000002731000 	/System/Library/Frameworks/CoreData.framework/Versions/A/CoreData
0x0000000002731000 	/System/Library/PrivateFrameworks/RemoteViewServices.framework/Versions/A/RemoteViewServices
0x0000000002731000 	/System/Library/PrivateFrameworks/UIFoundation.framework/Versions/A/UIFoundation
0x0000000002731000 	/System/Library/Frameworks/IOSurface.framework/Versions/A/IOSurface
0x0000000002731000 	/System/Library/Frameworks/AudioToolbox.framework/Versions/A/AudioToolbox
0x0000000002731000 	/System/Library/Frameworks/AudioUnit.framework/Versions/A/AudioUnit
0x0000000002731000 	/System/Library/PrivateFrameworks/DataDetectorsCore.framework/Versions/A/DataDetectorsCore
0x0000000002731000 	/System/Library/PrivateFrameworks/DesktopServicesPriv.framework/Versions/A/DesktopServicesPriv
0x0000000002731000 	/System/Library/Frameworks/Carbon.framework/Versions/A/Frameworks/HIToolbox.framework/Versions/A/HIToolbox
0x0000000002731000 	/System/Library/Frameworks/QuartzCore.framework/Versions/A/QuartzCore
0x0000000002731000 	/System/Library/Frameworks/Carbon.framework/Versions/A/Frameworks/SpeechRecognition.framework/Versions/A/SpeechRecognition
0x0000000002731000 	/usr/lib/libauto.dylib
0x0000000002731000 	/usr/lib/libicucore.A.dylib
0x0000000002731000 	/usr/lib/libxml2.2.dylib
0x0000000002731000 	/System/Library/PrivateFrameworks/CoreUI.framework/Versions/A/CoreUI
0x0000000002731000 	/System/Library/Frameworks/CoreAudio.framework/Versions/A/CoreAudio
0x0000000002731000 	/System/Library/Frameworks/DiskArbitration.framework/Versions/A/DiskArbitration
0x0000000002731000 	/usr/lib/liblangid.dylib
0x0000000002731000 	/System/Library/PrivateFrameworks/MultitouchSupport.framework/Versions/A/MultitouchSupport
0x0000000002731000 	/System/Library/Frameworks/IOKit.framework/Versions/A/IOKit
0x0000000002731000 	/usr/lib/libDiagnosticMessagesClient.dylib
0x0000000002731000 	/System/Library/Frameworks/CoreServices.framework/Versions/A/CoreServices
0x0000000002731000 	/System/Library/PrivateFrameworks/PerformanceAnalysis.framework/Versions/A/PerformanceAnalysis
0x0000000002731000 	/System/Library/PrivateFrameworks/GenerationalStorage.framework/Versions/A/GenerationalStorage
0x0000000002731000 	/System/Library/Frameworks/OpenGL.framework/Versions/A/OpenGL
0x0000000002731000 	/System/Library/PrivateFrameworks/Sharing.framework/Versions/A/Sharing
0x0000000002731000 	/System/Library/Frameworks/CoreGraphics.framework/Versions/A/CoreGraphics
0x0000000002731000 	/System/Library/Frameworks/CoreText.framework/Versions/A/CoreText
0x0000000002731000 	/System/Library/Frameworks/ImageIO.framework/Versions/A/ImageIO
0x0000000002731000 	/usr/lib/libextension.dylib
0x0000000002731000 	/System/Library/PrivateFrameworks/Backup.framework/Versions/A/Backup
0x0000000002731000 	/usr/lib/libarchive.2.dylib
0x0000000002731000 	/System/Library/Frameworks/CFNetwork.framework/Versions/A/CFNetwork
0x0000000002731000 	/System/Library/Frameworks/SystemConfiguration.framework/Versions/A/SystemConfiguration
0x0000000002731000 	/usr/lib/libCRFSuite.dylib
0x0000000002731000 	/usr/lib/libc++.1.dylib
0x0000000002731000 	/usr/lib/libc++abi.dylib
0x0000000002731000 	/usr/lib/system/libcache.dylib
0x0000000002731000 	/usr/lib/system/libcommonCrypto.dylib
0x0000000002731000 	/usr/lib/system/libcompiler_rt.dylib
0x0000000002731000 	/usr/lib/system/libcopyfile.dylib
0x0000000002731000 	/usr/lib/system/libcorecrypto.dylib
0x0000000002731000 	/usr/lib/system/libdispatch.dylib
0x0000000002731000 	/usr/lib/system/libdyld.dylib
0x0000000002731000 	/usr/lib/system/libkeymgr.dylib
0x0000000002731000 	/usr/lib/system/liblaunch.dylib
0x0000000002731000 	/usr/lib/system/libmacho.dylib
0x0000000002731000 	/usr/lib/system/libquarantine.dylib
0x0000000002731000 	/usr/lib/system/libremovefile.dylib
0x0000000002731000 	/usr/lib/system/libsystem_asl.dylib
0x0000000002731000 	/usr/lib/system/libsystem_blocks.dylib
0x0000000002731000 	/usr/lib/system/libsystem_c.dylib
0x0000000002731000 	/usr/lib/system/libsystem_configuration.dylib
0x0000000002731000 	/usr/lib/system/libsystem_coreservices.dylib
0x0000000002731000 	/usr/lib/system/libsystem_coretls.dylib
0x0000000002731000 	/usr/lib/system/libsystem_dnssd.dylib
0x0000000002731000 	/usr/lib/system/libsystem_info.dylib
0x0000000002731000 	/usr/lib/system/libsystem_kernel.dylib
0x0000000002731000 	/usr/lib/system/libsystem_m.dylib
0x0000000002731000 	/usr/lib/system/libsystem_malloc.dylib
0x0000000002731000 	/usr/lib/system/libsystem_network.dylib
0x0000000002731000 	/usr/lib/system/libsystem_networkextension.dylib
0x0000000002731000 	/usr/lib/system/libsystem_notify.dylib
0x0000000002731000 	/usr/lib/system/libsystem_platform.dylib
0x0000000002731000 	/usr/lib/system/libsystem_pthread.dylib
0x0000000002731000 	/usr/lib/system/libsystem_sandbox.dylib
0x0000000002731000 	/usr/lib/system/libsystem_secinit.dylib
0x0000000002731000 	/usr/lib/system/libsystem_stats.dylib
0x0000000002731000 	/usr/lib/system/libsystem_trace.dylib
0x0000000002731000 	/usr/lib/system/libunc.dylib
0x0000000002731000 	/usr/lib/system/libunwind.dylib
0x0000000002731000 	/usr/lib/system/libxpc.dylib
0x0000000002731000 	/usr/lib/libbz2.1.0.dylib
0x0000000002731000 	/usr/lib/liblzma.5.dylib
0x0000000002731000 	/usr/lib/libbsm.0.dylib
0x0000000002731000 	/usr/lib/libsqlite3.dylib
0x0000000002731000 	/usr/lib/system/libkxld.dylib
0x0000000002731000 	/usr/lib/libxar.1.dylib
0x0000000002731000 	/usr/lib/libpam.2.dylib
0x0000000002731000 	/usr/lib/libOpenScriptingUtil.dylib
0x0000000002731000 	/System/Library/Frameworks/CoreServices.framework/Versions/A/Frameworks/FSEvents.framework/Versions/A/FSEvents
0x0000000002731000 	/System/Library/Frameworks/CoreServices.framework/Versions/A/Frameworks/CarbonCore.framework/Versions/A/CarbonCore
0x0000000002731000 	/System/Library/Frameworks/CoreServices.framework/Versions/A/Frameworks/Metadata.framework/Versions/A/Metadata
0x0000000002731000 	/System/Library/Frameworks/CoreServices.framework/Versions/A/Frameworks/OSServices.framework/Versions/A/OSServices
0x0000000002731000 	/System/Library/Frameworks/CoreServices.framework/Versions/A/Frameworks/SearchKit.framework/Versions/A/SearchKit
0x0000000002731000 	/System/Library/Frameworks/CoreServices.framework/Versions/A/Frameworks/AE.framework/Versions/A/AE
0x0000000002731000 	/System/Library/Frameworks/CoreServices.framework/Versions/A/Frameworks/LaunchServices.framework/Versions/A/LaunchServices
0x0000000002731000 	/System/Library/Frameworks/CoreServices.framework/Versions/A/Frameworks/DictionaryServices.framework/Versions/A/DictionaryServices
0x0000000002731000 	/System/Library/Frameworks/NetFS.framework/Versions/A/NetFS
0x0000000002731000 	/System/Library/PrivateFrameworks/NetAuth.framework/Versions/A/NetAuth
0x0000000002731000 	/System/Library/PrivateFrameworks/login.framework/Versions/A/Frameworks/loginsupport.framework/Versions/A/loginsupport
0x0000000002731000 	/System/Library/PrivateFrameworks/TCC.framework/Versions/A/TCC
0x0000000002731000 	/usr/lib/libmecabra.dylib
0x0000000002731000 	/System/Library/Frameworks/ApplicationServices.framework/Versions/A/Frameworks/ATS.framework/Versions/A/ATS
0x0000000002731000 	/System/Library/Frameworks/ApplicationServices.framework/Versions/A/Frameworks/ColorSync.framework/Versions/A/ColorSync
0x0000000002731000 	/System/Library/Frameworks/ApplicationServices.framework/Versions/A/Frameworks/HIServices.framework/Versions/A/HIServices
0x0000000002731000 	/System/Library/Frameworks/ApplicationServices.framework/Versions/A/Frameworks/LangAnalysis.framework/Versions/A/LangAnalysis
0x0000000002731000 	/System/Library/Frameworks/ApplicationServices.framework/Versions/A/Frameworks/PrintCore.framework/Versions/A/PrintCore
0x0000000002731000 	/System/Library/Frameworks/ApplicationServices.framework/Versions/A/Frameworks/QD.framework/Versions/A/QD
0x0000000002731000 	/System/Library/Frameworks/ApplicationServices.framework/Versions/A/Frameworks/SpeechSynthesis.framework/Versions/A/SpeechSynthesis
0x0000000002731000 	/System/Library/Frameworks/Accelerate.framework/Versions/A/Accelerate
0x0000000002731000 	/System/Library/Frameworks/Accelerate.framework/Versions/A/Frameworks/vImage.framework/Versions/A/vImage
0x0000000002731000 	/System/Library/Frameworks/Accelerate.framework/Versions/A/Frameworks/vecLib.framework/Versions/A/vecLib
0x0000000002731000 	/System/Library/Frameworks/Accelerate.framework/Versions/A/Frameworks/vecLib.framework/Versions/A/libvDSP.dylib
0x0000000002731000 	/System/Library/Frameworks/Accelerate.framework/Versions/A/Frameworks/vecLib.framework/Versions/A/libvMisc.dylib
0x0000000002731000 	/System/Library/Frameworks/Accelerate.framework/Versions/A/Frameworks/vecLib.framework/Versions/A/libLAPACK.dylib
0x0000000002731000 	/System/Library/Frameworks/Accelerate.framework/Versions/A/Frameworks/vecLib.framework/Versions/A/libBLAS.dylib
0x0000000002731000 	/System/Library/Frameworks/Accelerate.framework/Versions/A/Frameworks/vecLib.framework/Versions/A/libLinearAlgebra.dylib
0x0000000002731000 	/System/Library/Frameworks/ApplicationServices.framework/Versions/A/Frameworks/ATS.framework/Versions/A/Resources/libFontParser.dylib
0x0000000002731000 	/System/Library/Frameworks/ApplicationServices.framework/Versions/A/Frameworks/ATS.framework/Versions/A/Resources/libFontRegistry.dylib
0x0000000002731000 	/System/Library/PrivateFrameworks/AppleVPA.framework/Versions/A/AppleVPA
0x0000000002731000 	/System/Library/PrivateFrameworks/AppleJPEG.framework/Versions/A/AppleJPEG
0x0000000002731000 	/System/Library/Frameworks/ImageIO.framework/Versions/A/Resources/libJPEG.dylib
0x0000000002731000 	/System/Library/Frameworks/ImageIO.framework/Versions/A/Resources/libTIFF.dylib
0x0000000002731000 	/System/Library/Frameworks/ImageIO.framework/Versions/A/Resources/libPng.dylib
0x0000000002731000 	/System/Library/Frameworks/ImageIO.framework/Versions/A/Resources/libGIF.dylib
0x0000000002731000 	/System/Library/Frameworks/ImageIO.framework/Versions/A/Resources/libJP2.dylib
0x0000000002731000 	/System/Library/Frameworks/ImageIO.framework/Versions/A/Resources/libRadiance.dylib
0x0000000002731000 	/System/Library/Frameworks/CoreVideo.framework/Versions/A/CoreVideo
0x0000000002731000 	/System/Library/Frameworks/OpenGL.framework/Versions/A/Libraries/libGLU.dylib
0x0000000002731000 	/System/Library/Frameworks/OpenGL.framework/Versions/A/Libraries/libGFXShared.dylib
0x0000000002731000 	/System/Library/Frameworks/OpenGL.framework/Versions/A/Libraries/libGL.dylib
0x0000000002731000 	/System/Library/Frameworks/OpenGL.framework/Versions/A/Libraries/libGLImage.dylib
0x0000000002731000 	/System/Library/Frameworks/OpenGL.framework/Versions/A/Libraries/libCVMSPluginSupport.dylib
0x0000000002731000 	/System/Library/Frameworks/OpenGL.framework/Versions/A/Libraries/libCoreVMClient.dylib
0x0000000002731000 	/usr/lib/libcups.2.dylib
0x0000000002731000 	/System/Library/Frameworks/Kerberos.framework/Versions/A/Kerberos
0x0000000002731000 	/System/Library/Frameworks/GSS.framework/Versions/A/GSS
0x0000000002731000 	/usr/lib/libresolv.9.dylib
0x0000000002731000 	/usr/lib/libiconv.2.dylib
0x0000000002731000 	/System/Library/PrivateFrameworks/Heimdal.framework/Versions/A/Heimdal
0x0000000002731000 	/usr/lib/libheimdal-asn1.dylib
0x0000000002731000 	/System/Library/Frameworks/OpenDirectory.framework/Versions/A/OpenDirectory
0x0000000002731000 	/System/Library/PrivateFrameworks/CommonAuth.framework/Versions/A/CommonAuth
0x0000000002731000 	/System/Library/Frameworks/OpenDirectory.framework/Versions/A/Frameworks/CFOpenDirectory.framework/Versions/A/CFOpenDirectory
0x0000000002731000 	/System/Library/Frameworks/SecurityFoundation.framework/Versions/A/SecurityFoundation
0x0000000002731000 	/System/Library/PrivateFrameworks/LanguageModeling.framework/Versions/A/LanguageModeling
0x0000000002731000 	/usr/lib/libcmph.dylib
0x0000000002731000 	/System/Library/Frameworks/ServiceManagement.framework/Versions/A/ServiceManagement
0x0000000002731000 	/usr/lib/libxslt.1.dylib
0x0000000002731000 	/System/Library/Frameworks/Carbon.framework/Versions/A/Frameworks/Ink.framework/Versions/A/Ink
0x0000000002731000 	/System/Library/Frameworks/QuartzCore.framework/Versions/A/Frameworks/CoreImage.framework/Versions/A/CoreImage
0x0000000002731000 	/System/Library/PrivateFrameworks/CrashReporterSupport.framework/Versions/A/CrashReporterSupport
0x0000000002731000 	/System/Library/Frameworks/OpenCL.framework/Versions/A/OpenCL
0x0000000002731000 	/System/Library/PrivateFrameworks/FaceCore.framework/Versions/A/FaceCore
0x0000000002731000 	/System/Library/PrivateFrameworks/Ubiquity.framework/Versions/A/Ubiquity
0x0000000002731000 	/System/Library/PrivateFrameworks/IconServices.framework/Versions/A/IconServices
0x0000000002731000 	/System/Library/PrivateFrameworks/ChunkingLibrary.framework/Versions/A/ChunkingLibrary
0x0000000002731000 	/System/Library/PrivateFrameworks/Apple80211.framework/Versions/A/Apple80211
0x0000000002731000 	/System/Library/Frameworks/CoreWLAN.framework/Versions/A/CoreWLAN
0x0000000002731000 	/System/Library/Frameworks/IOBluetooth.framework/Versions/A/IOBluetooth
0x0000000002731000 	/System/Library/PrivateFrameworks/CoreWiFi.framework/Versions/A/CoreWiFi
0x0000000002731000 	/System/Library/Frameworks/CoreBluetooth.framework/Versions/A/CoreBluetooth
0x0000000002731000 	/System/Library/PrivateFrameworks/DebugSymbols.framework/Versions/A/DebugSymbols
0x0000000002731000 	/System/Library/PrivateFrameworks/CoreSymbolication.framework/Versions/A/CoreSymbolication
0x0000000002731000 	/System/Library/PrivateFrameworks/Symbolication.framework/Versions/A/Symbolication
0x0000000002731000 	/System/Library/PrivateFrameworks/SpeechRecognitionCore.framework/Versions/A/SpeechRecognitionCore
0x0000000109e00000 	/Library/Java/JavaVirtualMachines/jdk1.8.0_45.jdk/Contents/Home/jre/lib/server/libjvm.dylib
0x0000000002731000 	/usr/lib/libstdc++.6.dylib
0x000000010958e000 	/Library/Java/JavaVirtualMachines/jdk1.8.0_45.jdk/Contents/Home/jre/lib/libverify.dylib
0x000000010959c000 	/Library/Java/JavaVirtualMachines/jdk1.8.0_45.jdk/Contents/Home/jre/lib/libjava.dylib
0x00000001095db000 	/Library/Java/JavaVirtualMachines/jdk1.8.0_45.jdk/Contents/Home/jre/lib/libzip.dylib
0x00000001095e5000 	/System/Library/Frameworks/JavaVM.framework/Frameworks/JavaRuntimeSupport.framework/JavaRuntimeSupport
0x0000000120de0000 	/System/Library/Frameworks/JavaVM.framework/Versions/A/Frameworks/JavaNativeFoundation.framework/Versions/A/JavaNativeFoundation
0x0000000120df5000 	/System/Library/Frameworks/JavaVM.framework/Versions/A/JavaVM
0x0000000002731000 	/System/Library/Frameworks/Carbon.framework/Versions/A/Carbon
0x0000000120e02000 	/System/Library/PrivateFrameworks/JavaLaunching.framework/Versions/A/JavaLaunching
0x0000000002731000 	/System/Library/Frameworks/Carbon.framework/Versions/A/Frameworks/CommonPanels.framework/Versions/A/CommonPanels
0x0000000002731000 	/System/Library/Frameworks/Carbon.framework/Versions/A/Frameworks/Help.framework/Versions/A/Help
0x0000000002731000 	/System/Library/Frameworks/Carbon.framework/Versions/A/Frameworks/ImageCapture.framework/Versions/A/ImageCapture
0x0000000002731000 	/System/Library/Frameworks/Carbon.framework/Versions/A/Frameworks/OpenScripting.framework/Versions/A/OpenScripting
0x0000000002731000 	/System/Library/Frameworks/Carbon.framework/Versions/A/Frameworks/Print.framework/Versions/A/Print
0x0000000002731000 	/System/Library/Frameworks/Carbon.framework/Versions/A/Frameworks/SecurityHI.framework/Versions/A/SecurityHI
0x0000000122ed7000 	/Library/Java/JavaVirtualMachines/jdk1.8.0_45.jdk/Contents/Home/jre/lib/libprism_es2.dylib
0x0000000002731000 	/System/Library/Frameworks/OpenGL.framework/Versions/A/Resources/GLEngine.bundle/GLEngine
0x0000000002731000 	/System/Library/Frameworks/OpenGL.framework/Versions/A/Libraries/libGLProgrammability.dylib
0x0000000000000000 	/System/Library/Extensions/AppleIntelHD5000GraphicsGLDriver.bundle/Contents/MacOS/AppleIntelHD5000GraphicsGLDriver
0x0000000002731000 	/System/Library/PrivateFrameworks/IOAccelerator.framework/Versions/A/IOAccelerator
0x0000000002731000 	/System/Library/PrivateFrameworks/GPUSupport.framework/Versions/A/Libraries/libGPUSupportMercury.dylib
0x0000000002731000 	/System/Library/Frameworks/OpenGL.framework/Versions/A/Resources/GLRendererFloat.bundle/GLRendererFloat
0x0000000002731000 	/System/Library/Frameworks/OpenCL.framework/Versions/A/Libraries/libcldcpuengine.dylib
0x0000000002731000 	/System/Library/PrivateFrameworks/DiskImages.framework/Versions/A/DiskImages
0x0000000002731000 	/System/Library/Frameworks/DiscRecording.framework/Versions/A/DiscRecording
0x0000000002731000 	/usr/lib/libcsfde.dylib
0x0000000002731000 	/usr/lib/libcurl.4.dylib
0x0000000002731000 	/System/Library/PrivateFrameworks/MediaKit.framework/Versions/A/MediaKit
0x0000000002731000 	/System/Library/PrivateFrameworks/ProtectedCloudStorage.framework/Versions/A/ProtectedCloudStorage
0x0000000002731000 	/usr/lib/libCoreStorage.dylib
0x0000000002731000 	/System/Library/PrivateFrameworks/EFILogin.framework/Versions/A/EFILogin
0x0000000002731000 	/usr/lib/libutil.dylib
0x0000000002731000 	/System/Library/PrivateFrameworks/FindMyDevice.framework/Versions/A/FindMyDevice
0x0000000002731000 	/System/Library/Frameworks/LDAP.framework/Versions/A/LDAP
0x0000000002731000 	/usr/lib/libsasl2.2.dylib
0x0000000002731000 	/System/Library/PrivateFrameworks/CoreDaemon.framework/Versions/B/CoreDaemon
0x0000000002731000 	/usr/lib/libcrypto.0.9.8.dylib
0x0000000002731000 	/System/Library/PrivateFrameworks/AppleSRP.framework/Versions/A/AppleSRP
0x0000000002731000 	/System/Library/PrivateFrameworks/TrustEvaluationAgent.framework/Versions/A/TrustEvaluationAgent
0x0000000123389000 	/Library/Java/JavaVirtualMachines/jdk1.8.0_45.jdk/Contents/Home/jre/lib/libglass.dylib
0x0000000002731000 	/System/Library/PrivateFrameworks/CoreServicesInternal.framework/Versions/A/CoreServicesInternal
0x0000000002731000 	/System/Library/PrivateFrameworks/CloudDocs.framework/Versions/A/CloudDocs
0x0000000002731000 	/System/Library/PrivateFrameworks/CoreDuet.framework/Versions/A/CoreDuet
0x0000000002731000 	/System/Library/Frameworks/CloudKit.framework/Versions/A/CloudKit
0x0000000002731000 	/System/Library/PrivateFrameworks/ProtocolBuffer.framework/Versions/A/ProtocolBuffer
0x0000000002731000 	/System/Library/PrivateFrameworks/CoreDuetDaemonProtocol.framework/Versions/A/CoreDuetDaemonProtocol
0x0000000002731000 	/System/Library/PrivateFrameworks/CoreDuetDebugLogging.framework/Versions/A/CoreDuetDebugLogging
0x0000000002731000 	/System/Library/PrivateFrameworks/MMCS.framework/Versions/A/MMCS
0x0000000002731000 	/System/Library/Frameworks/CoreLocation.framework/Versions/A/CoreLocation
0x0000000002731000 	/System/Library/PrivateFrameworks/GeoServices.framework/Versions/A/GeoServices
0x0000000002731000 	/System/Library/Frameworks/CoreGraphics.framework/Versions/A/Resources/libCGCMS.A.dylib
0x0000000002731000 	/System/Library/CoreServices/RawCamera.bundle/Contents/MacOS/RawCamera
0x0000000002731000 	/System/Library/Frameworks/CoreGraphics.framework/Versions/A/Resources/libRIP.A.dylib
0x0000000002731000 	/System/Library/PrivateFrameworks/FamilyControls.framework/Versions/A/FamilyControls
0x0000000002731000 	/System/Library/PrivateFrameworks/CommerceKit.framework/Versions/A/Frameworks/CommerceCore.framework/Versions/A/CommerceCore
0x0000000002731000 	/System/Library/PrivateFrameworks/SystemAdministration.framework/Versions/A/SystemAdministration
0x0000000002731000 	/System/Library/PrivateFrameworks/AppContainer.framework/Versions/A/AppContainer
0x0000000002731000 	/System/Library/PrivateFrameworks/SecCodeWrapper.framework/Versions/A/SecCodeWrapper
0x0000000002731000 	/System/Library/Frameworks/DirectoryService.framework/Versions/A/DirectoryService
0x0000000002731000 	/System/Library/PrivateFrameworks/LoginUIKit.framework/Versions/A/Frameworks/LoginUICore.framework/Versions/A/LoginUICore
0x0000000002731000 	/usr/lib/libodfde.dylib
0x0000000002731000 	/System/Library/Frameworks/CoreGraphics.framework/Versions/A/Resources/libCGXType.A.dylib
0x00000001285d9000 	cl_kernels
0x00000001285db000 	/System/Library/Frameworks/OpenCL.framework/Versions/A/Libraries/ImageFormats/unorm8_bgra.dylib
0x0000000128705000 	cl_kernels

VM Arguments:
jvm_args: -Dfile.encoding=UTF-8 
java_command: application.Main
java_class_path (initial): /Users/ryu1031/Documents/workspace/VPlayer/bin:/Users/ryu1031/Downloads/eclipse/plugins/org.eclipse.fx.ide.css.jfx8_1.2.0.201501301049.jar
Launcher Type: SUN_STANDARD

Environment Variables:
PATH=/usr/bin:/bin:/usr/sbin:/sbin
SHELL=/bin/bash
DISPLAY=/private/tmp/com.apple.launchd.YIN5SRLYMI/org.macosforge.xquartz:0

Signal Handlers:
SIGSEGV: [libjvm.dylib+0x58ef95], sa_mask[0]=11111111011111110111111111111111, sa_flags=SA_ONSTACK|SA_RESTART|SA_SIGINFO
SIGBUS: [libjvm.dylib+0x58ef95], sa_mask[0]=11111111011111110111111111111111, sa_flags=SA_RESTART|SA_SIGINFO
SIGFPE: [libjvm.dylib+0x46c108], sa_mask[0]=11111111011111110111111111111111, sa_flags=SA_RESTART|SA_SIGINFO
SIGPIPE: [libjvm.dylib+0x46c108], sa_mask[0]=11111111011111110111111111111111, sa_flags=SA_RESTART|SA_SIGINFO
SIGXFSZ: [libjvm.dylib+0x46c108], sa_mask[0]=11111111011111110111111111111111, sa_flags=SA_RESTART|SA_SIGINFO
SIGILL: [libjvm.dylib+0x46c108], sa_mask[0]=11111111011111110111111111111111, sa_flags=SA_RESTART|SA_SIGINFO
SIGUSR1: SIG_DFL, sa_mask[0]=00000000000000000000000000000000, sa_flags=none
SIGUSR2: [libjvm.dylib+0x46bc26], sa_mask[0]=00100000000000000000000000000000, sa_flags=SA_RESTART|SA_SIGINFO
SIGHUP: [libjvm.dylib+0x46a1f9], sa_mask[0]=11111111011111110111111111111111, sa_flags=SA_RESTART|SA_SIGINFO
SIGINT: [libjvm.dylib+0x46a1f9], sa_mask[0]=11111111011111110111111111111111, sa_flags=SA_RESTART|SA_SIGINFO
SIGTERM: [libjvm.dylib+0x46a1f9], sa_mask[0]=11111111011111110111111111111111, sa_flags=SA_RESTART|SA_SIGINFO
SIGQUIT: [libjvm.dylib+0x46a1f9], sa_mask[0]=11111111011111110111111111111111, sa_flags=SA_RESTART|SA_SIGINFO


---------------  S Y S T E M  ---------------

OS:Bsduname:Darwin 14.3.0 Darwin Kernel Version 14.3.0: Mon Mar 23 11:59:05 PDT 2015; root:xnu-2782.20.48~5/RELEASE_X86_64 x86_64
rlimit: STACK 8192k, CORE 0k, NPROC 709, NOFILE 10240, AS infinity
load average:1.62 1.76 1.88

CPU:total 4 (2 cores per cpu, 2 threads per core) family 6 model 69 stepping 1, cmov, cx8, fxsr, mmx, sse, sse2, sse3, ssse3, sse4.1, sse4.2, popcnt, avx, avx2, aes, clmul, erms, lzcnt, ht, tsc, tscinvbit, bmi1, bmi2

Memory: 4k page, physical 8388608k(133320k free)

/proc/meminfo:


vm_info: Java HotSpot(TM) 64-Bit Server VM (25.45-b02) for bsd-amd64 JRE (1.8.0_45-b14), built on Apr 10 2015 10:46:38 by "java_re" with gcc 4.2.1 (Based on Apple Inc. build 5658) (LLVM build 2336.11.00)

time: Thu Jun 18 23:08:18 2015
elapsed time: 0 seconds (0d 0h 0m 0s)

